Determining if the pthread_create exist failed with the following output:
Change Dir: /home/gmagoon/Downloads/KVIrc/CMakeFiles/CMakeTmp

Run Build Command:"/usr/bin/make" "cmTC_c0c4f/fast"
/usr/bin/make -f CMakeFiles/cmTC_c0c4f.dir/build.make CMakeFiles/cmTC_c0c4f.dir/build
make[1]: Entering directory '/home/gmagoon/Downloads/KVIrc/CMakeFiles/CMakeTmp'
Building C object CMakeFiles/cmTC_c0c4f.dir/CheckSymbolExists.c.o
/usr/bin/cc   -O3 -fomit-frame-pointer -DNDEBUG --no-enforce-eh-specs -pipe --exec-charset=UTF-8 --input-charset=UTF-8 --no-implement-inlines --unit-at-a-time --fast-math -fvisibility-inlines-hidden -fvisibility-inlines-hidden    -o CMakeFiles/cmTC_c0c4f.dir/CheckSymbolExists.c.o   -c /home/gmagoon/Downloads/KVIrc/CMakeFiles/CMakeTmp/CheckSymbolExists.c
cc1: warning: command line option ‘-fno-enforce-eh-specs’ is valid for C++/ObjC++ but not for C
cc1: warning: command line option ‘-fno-implement-inlines’ is valid for C++/ObjC++ but not for C
cc1: warning: command line option ‘-fvisibility-inlines-hidden’ is valid for C++/ObjC++ but not for C
Linking C executable cmTC_c0c4f
/usr/bin/cmake -E cmake_link_script CMakeFiles/cmTC_c0c4f.dir/link.txt --verbose=1
/usr/bin/cc -O3 -fomit-frame-pointer -DNDEBUG --no-enforce-eh-specs -pipe --exec-charset=UTF-8 --input-charset=UTF-8 --no-implement-inlines --unit-at-a-time --fast-math -fvisibility-inlines-hidden -fvisibility-inlines-hidden     CMakeFiles/cmTC_c0c4f.dir/CheckSymbolExists.c.o  -o cmTC_c0c4f 
CMakeFiles/cmTC_c0c4f.dir/CheckSymbolExists.c.o: In function `main':
CheckSymbolExists.c:(.text.startup+0x3): undefined reference to `pthread_create'
collect2: error: ld returned 1 exit status
CMakeFiles/cmTC_c0c4f.dir/build.make:97: recipe for target 'cmTC_c0c4f' failed
make[1]: *** [cmTC_c0c4f] Error 1
make[1]: Leaving directory '/home/gmagoon/Downloads/KVIrc/CMakeFiles/CMakeTmp'
Makefile:126: recipe for target 'cmTC_c0c4f/fast' failed
make: *** [cmTC_c0c4f/fast] Error 2

File /home/gmagoon/Downloads/KVIrc/CMakeFiles/CMakeTmp/CheckSymbolExists.c:
/* */
#include <pthread.h>

int main(int argc, char** argv)
{
  (void)argv;
#ifndef pthread_create
  return ((int*)(&pthread_create))[argc];
#else
  (void)argc;
  return 0;
#endif
}

Determining if the function pthread_create exists in the pthreads failed with the following output:
Change Dir: /home/gmagoon/Downloads/KVIrc/CMakeFiles/CMakeTmp

Run Build Command:"/usr/bin/make" "cmTC_4c301/fast"
/usr/bin/make -f CMakeFiles/cmTC_4c301.dir/build.make CMakeFiles/cmTC_4c301.dir/build
make[1]: Entering directory '/home/gmagoon/Downloads/KVIrc/CMakeFiles/CMakeTmp'
Building C object CMakeFiles/cmTC_4c301.dir/CheckFunctionExists.c.o
/usr/bin/cc   -O3 -fomit-frame-pointer -DNDEBUG --no-enforce-eh-specs -pipe --exec-charset=UTF-8 --input-charset=UTF-8 --no-implement-inlines --unit-at-a-time --fast-math -fvisibility-inlines-hidden -fvisibility-inlines-hidden -DCHECK_FUNCTION_EXISTS=pthread_create   -o CMakeFiles/cmTC_4c301.dir/CheckFunctionExists.c.o   -c /usr/share/cmake-3.10/Modules/CheckFunctionExists.c
cc1: warning: command line option ‘-fno-enforce-eh-specs’ is valid for C++/ObjC++ but not for C
cc1: warning: command line option ‘-fno-implement-inlines’ is valid for C++/ObjC++ but not for C
cc1: warning: command line option ‘-fvisibility-inlines-hidden’ is valid for C++/ObjC++ but not for C
Linking C executable cmTC_4c301
/usr/bin/cmake -E cmake_link_script CMakeFiles/cmTC_4c301.dir/link.txt --verbose=1
/usr/bin/cc -O3 -fomit-frame-pointer -DNDEBUG --no-enforce-eh-specs -pipe --exec-charset=UTF-8 --input-charset=UTF-8 --no-implement-inlines --unit-at-a-time --fast-math -fvisibility-inlines-hidden -fvisibility-inlines-hidden -DCHECK_FUNCTION_EXISTS=pthread_create    CMakeFiles/cmTC_4c301.dir/CheckFunctionExists.c.o  -o cmTC_4c301 -lpthreads 
/usr/bin/ld: cannot find -lpthreads
collect2: error: ld returned 1 exit status
CMakeFiles/cmTC_4c301.dir/build.make:97: recipe for target 'cmTC_4c301' failed
make[1]: *** [cmTC_4c301] Error 1
make[1]: Leaving directory '/home/gmagoon/Downloads/KVIrc/CMakeFiles/CMakeTmp'
Makefile:126: recipe for target 'cmTC_4c301/fast' failed
make: *** [cmTC_4c301/fast] Error 2


Determining if the include file soundcard.h exists failed with the following output:
Change Dir: /home/gmagoon/Downloads/KVIrc/CMakeFiles/CMakeTmp

Run Build Command:"/usr/bin/make" "cmTC_fe63f/fast"
/usr/bin/make -f CMakeFiles/cmTC_fe63f.dir/build.make CMakeFiles/cmTC_fe63f.dir/build
make[1]: Entering directory '/home/gmagoon/Downloads/KVIrc/CMakeFiles/CMakeTmp'
Building C object CMakeFiles/cmTC_fe63f.dir/CheckIncludeFile.c.o
/usr/bin/cc   -O3 -fomit-frame-pointer -DNDEBUG --no-enforce-eh-specs -pipe --exec-charset=UTF-8 --input-charset=UTF-8 --no-implement-inlines --unit-at-a-time --fast-math -fvisibility-inlines-hidden -fvisibility-inlines-hidden    -o CMakeFiles/cmTC_fe63f.dir/CheckIncludeFile.c.o   -c /home/gmagoon/Downloads/KVIrc/CMakeFiles/CMakeTmp/CheckIncludeFile.c
cc1: warning: command line option ‘-fno-enforce-eh-specs’ is valid for C++/ObjC++ but not for C
cc1: warning: command line option ‘-fno-implement-inlines’ is valid for C++/ObjC++ but not for C
cc1: warning: command line option ‘-fvisibility-inlines-hidden’ is valid for C++/ObjC++ but not for C
/home/gmagoon/Downloads/KVIrc/CMakeFiles/CMakeTmp/CheckIncludeFile.c:1:10: fatal error: soundcard.h: No such file or directory
 #include <soundcard.h>
          ^~~~~~~~~~~~~
compilation terminated.
CMakeFiles/cmTC_fe63f.dir/build.make:65: recipe for target 'CMakeFiles/cmTC_fe63f.dir/CheckIncludeFile.c.o' failed
make[1]: *** [CMakeFiles/cmTC_fe63f.dir/CheckIncludeFile.c.o] Error 1
make[1]: Leaving directory '/home/gmagoon/Downloads/KVIrc/CMakeFiles/CMakeTmp'
Makefile:126: recipe for target 'cmTC_fe63f/fast' failed
make: *** [cmTC_fe63f/fast] Error 2


