The system is: Linux - 4.15.0-58-generic - x86_64
Compiling the C compiler identification source file "CMakeCCompilerId.c" succeeded.
Compiler: /usr/bin/cc 
Build flags: 
Id flags:  

The output was:
0


Compilation of the C compiler identification source "CMakeCCompilerId.c" produced "a.out"

The C compiler identification is GNU, found in "/home/gmagoon/Downloads/KVIrc/CMakeFiles/3.10.2/CompilerIdC/a.out"

Compiling the CXX compiler identification source file "CMakeCXXCompilerId.cpp" succeeded.
Compiler: /usr/bin/c++ 
Build flags: 
Id flags:  

The output was:
0


Compilation of the CXX compiler identification source "CMakeCXXCompilerId.cpp" produced "a.out"

The CXX compiler identification is GNU, found in "/home/gmagoon/Downloads/KVIrc/CMakeFiles/3.10.2/CompilerIdCXX/a.out"

Determining if the C compiler works passed with the following output:
Change Dir: /home/gmagoon/Downloads/KVIrc/CMakeFiles/CMakeTmp

Run Build Command:"/usr/bin/make" "cmTC_e23bd/fast"
/usr/bin/make -f CMakeFiles/cmTC_e23bd.dir/build.make CMakeFiles/cmTC_e23bd.dir/build
make[1]: Entering directory '/home/gmagoon/Downloads/KVIrc/CMakeFiles/CMakeTmp'
Building C object CMakeFiles/cmTC_e23bd.dir/testCCompiler.c.o
/usr/bin/cc    -o CMakeFiles/cmTC_e23bd.dir/testCCompiler.c.o   -c /home/gmagoon/Downloads/KVIrc/CMakeFiles/CMakeTmp/testCCompiler.c
Linking C executable cmTC_e23bd
/usr/bin/cmake -E cmake_link_script CMakeFiles/cmTC_e23bd.dir/link.txt --verbose=1
/usr/bin/cc      CMakeFiles/cmTC_e23bd.dir/testCCompiler.c.o  -o cmTC_e23bd 
make[1]: Leaving directory '/home/gmagoon/Downloads/KVIrc/CMakeFiles/CMakeTmp'


Detecting C compiler ABI info compiled with the following output:
Change Dir: /home/gmagoon/Downloads/KVIrc/CMakeFiles/CMakeTmp

Run Build Command:"/usr/bin/make" "cmTC_844b2/fast"
/usr/bin/make -f CMakeFiles/cmTC_844b2.dir/build.make CMakeFiles/cmTC_844b2.dir/build
make[1]: Entering directory '/home/gmagoon/Downloads/KVIrc/CMakeFiles/CMakeTmp'
Building C object CMakeFiles/cmTC_844b2.dir/CMakeCCompilerABI.c.o
/usr/bin/cc    -o CMakeFiles/cmTC_844b2.dir/CMakeCCompilerABI.c.o   -c /usr/share/cmake-3.10/Modules/CMakeCCompilerABI.c
Linking C executable cmTC_844b2
/usr/bin/cmake -E cmake_link_script CMakeFiles/cmTC_844b2.dir/link.txt --verbose=1
/usr/bin/cc     -v CMakeFiles/cmTC_844b2.dir/CMakeCCompilerABI.c.o  -o cmTC_844b2 
Using built-in specs.
COLLECT_GCC=/usr/bin/cc
COLLECT_LTO_WRAPPER=/usr/lib/gcc/x86_64-linux-gnu/7/lto-wrapper
OFFLOAD_TARGET_NAMES=nvptx-none
OFFLOAD_TARGET_DEFAULT=1
Target: x86_64-linux-gnu
Configured with: ../src/configure -v --with-pkgversion='Ubuntu 7.4.0-1ubuntu1~18.04.1' --with-bugurl=file:///usr/share/doc/gcc-7/README.Bugs --enable-languages=c,ada,c++,go,brig,d,fortran,objc,obj-c++ --prefix=/usr --with-gcc-major-version-only --program-suffix=-7 --program-prefix=x86_64-linux-gnu- --enable-shared --enable-linker-build-id --libexecdir=/usr/lib --without-included-gettext --enable-threads=posix --libdir=/usr/lib --enable-nls --with-sysroot=/ --enable-clocale=gnu --enable-libstdcxx-debug --enable-libstdcxx-time=yes --with-default-libstdcxx-abi=new --enable-gnu-unique-object --disable-vtable-verify --enable-libmpx --enable-plugin --enable-default-pie --with-system-zlib --with-target-system-zlib --enable-objc-gc=auto --enable-multiarch --disable-werror --with-arch-32=i686 --with-abi=m64 --with-multilib-list=m32,m64,mx32 --enable-multilib --with-tune=generic --enable-offload-targets=nvptx-none --without-cuda-driver --enable-checking=release --build=x86_64-linux-gnu --host=x86_64-linux-gnu --target=x86_64-linux-gnu
Thread model: posix
gcc version 7.4.0 (Ubuntu 7.4.0-1ubuntu1~18.04.1) 
COMPILER_PATH=/usr/lib/gcc/x86_64-linux-gnu/7/:/usr/lib/gcc/x86_64-linux-gnu/7/:/usr/lib/gcc/x86_64-linux-gnu/:/usr/lib/gcc/x86_64-linux-gnu/7/:/usr/lib/gcc/x86_64-linux-gnu/
LIBRARY_PATH=/usr/lib/gcc/x86_64-linux-gnu/7/:/usr/lib/gcc/x86_64-linux-gnu/7/../../../x86_64-linux-gnu/:/usr/lib/gcc/x86_64-linux-gnu/7/../../../../lib/:/lib/x86_64-linux-gnu/:/lib/../lib/:/usr/lib/x86_64-linux-gnu/:/usr/lib/../lib/:/usr/lib/gcc/x86_64-linux-gnu/7/../../../:/lib/:/usr/lib/
COLLECT_GCC_OPTIONS='-v' '-o' 'cmTC_844b2' '-mtune=generic' '-march=x86-64'
 /usr/lib/gcc/x86_64-linux-gnu/7/collect2 -plugin /usr/lib/gcc/x86_64-linux-gnu/7/liblto_plugin.so -plugin-opt=/usr/lib/gcc/x86_64-linux-gnu/7/lto-wrapper -plugin-opt=-fresolution=/tmp/cc4hcYZ1.res -plugin-opt=-pass-through=-lgcc -plugin-opt=-pass-through=-lgcc_s -plugin-opt=-pass-through=-lc -plugin-opt=-pass-through=-lgcc -plugin-opt=-pass-through=-lgcc_s --sysroot=/ --build-id --eh-frame-hdr -m elf_x86_64 --hash-style=gnu --as-needed -dynamic-linker /lib64/ld-linux-x86-64.so.2 -pie -z now -z relro -o cmTC_844b2 /usr/lib/gcc/x86_64-linux-gnu/7/../../../x86_64-linux-gnu/Scrt1.o /usr/lib/gcc/x86_64-linux-gnu/7/../../../x86_64-linux-gnu/crti.o /usr/lib/gcc/x86_64-linux-gnu/7/crtbeginS.o -L/usr/lib/gcc/x86_64-linux-gnu/7 -L/usr/lib/gcc/x86_64-linux-gnu/7/../../../x86_64-linux-gnu -L/usr/lib/gcc/x86_64-linux-gnu/7/../../../../lib -L/lib/x86_64-linux-gnu -L/lib/../lib -L/usr/lib/x86_64-linux-gnu -L/usr/lib/../lib -L/usr/lib/gcc/x86_64-linux-gnu/7/../../.. CMakeFiles/cmTC_844b2.dir/CMakeCCompilerABI.c.o -lgcc --push-state --as-needed -lgcc_s --pop-state -lc -lgcc --push-state --as-needed -lgcc_s --pop-state /usr/lib/gcc/x86_64-linux-gnu/7/crtendS.o /usr/lib/gcc/x86_64-linux-gnu/7/../../../x86_64-linux-gnu/crtn.o
COLLECT_GCC_OPTIONS='-v' '-o' 'cmTC_844b2' '-mtune=generic' '-march=x86-64'
make[1]: Leaving directory '/home/gmagoon/Downloads/KVIrc/CMakeFiles/CMakeTmp'


Parsed C implicit link information from above output:
  link line regex: [^( *|.*[/\])(ld|CMAKE_LINK_STARTFILE-NOTFOUND|([^/\]+-)?ld|collect2)[^/\]*( |$)]
  ignore line: [Change Dir: /home/gmagoon/Downloads/KVIrc/CMakeFiles/CMakeTmp]
  ignore line: []
  ignore line: [Run Build Command:"/usr/bin/make" "cmTC_844b2/fast"]
  ignore line: [/usr/bin/make -f CMakeFiles/cmTC_844b2.dir/build.make CMakeFiles/cmTC_844b2.dir/build]
  ignore line: [make[1]: Entering directory '/home/gmagoon/Downloads/KVIrc/CMakeFiles/CMakeTmp']
  ignore line: [Building C object CMakeFiles/cmTC_844b2.dir/CMakeCCompilerABI.c.o]
  ignore line: [/usr/bin/cc    -o CMakeFiles/cmTC_844b2.dir/CMakeCCompilerABI.c.o   -c /usr/share/cmake-3.10/Modules/CMakeCCompilerABI.c]
  ignore line: [Linking C executable cmTC_844b2]
  ignore line: [/usr/bin/cmake -E cmake_link_script CMakeFiles/cmTC_844b2.dir/link.txt --verbose=1]
  ignore line: [/usr/bin/cc     -v CMakeFiles/cmTC_844b2.dir/CMakeCCompilerABI.c.o  -o cmTC_844b2 ]
  ignore line: [Using built-in specs.]
  ignore line: [COLLECT_GCC=/usr/bin/cc]
  ignore line: [COLLECT_LTO_WRAPPER=/usr/lib/gcc/x86_64-linux-gnu/7/lto-wrapper]
  ignore line: [OFFLOAD_TARGET_NAMES=nvptx-none]
  ignore line: [OFFLOAD_TARGET_DEFAULT=1]
  ignore line: [Target: x86_64-linux-gnu]
  ignore line: [Configured with: ../src/configure -v --with-pkgversion='Ubuntu 7.4.0-1ubuntu1~18.04.1' --with-bugurl=file:///usr/share/doc/gcc-7/README.Bugs --enable-languages=c,ada,c++,go,brig,d,fortran,objc,obj-c++ --prefix=/usr --with-gcc-major-version-only --program-suffix=-7 --program-prefix=x86_64-linux-gnu- --enable-shared --enable-linker-build-id --libexecdir=/usr/lib --without-included-gettext --enable-threads=posix --libdir=/usr/lib --enable-nls --with-sysroot=/ --enable-clocale=gnu --enable-libstdcxx-debug --enable-libstdcxx-time=yes --with-default-libstdcxx-abi=new --enable-gnu-unique-object --disable-vtable-verify --enable-libmpx --enable-plugin --enable-default-pie --with-system-zlib --with-target-system-zlib --enable-objc-gc=auto --enable-multiarch --disable-werror --with-arch-32=i686 --with-abi=m64 --with-multilib-list=m32,m64,mx32 --enable-multilib --with-tune=generic --enable-offload-targets=nvptx-none --without-cuda-driver --enable-checking=release --build=x86_64-linux-gnu --host=x86_64-linux-gnu --target=x86_64-linux-gnu]
  ignore line: [Thread model: posix]
  ignore line: [gcc version 7.4.0 (Ubuntu 7.4.0-1ubuntu1~18.04.1) ]
  ignore line: [COMPILER_PATH=/usr/lib/gcc/x86_64-linux-gnu/7/:/usr/lib/gcc/x86_64-linux-gnu/7/:/usr/lib/gcc/x86_64-linux-gnu/:/usr/lib/gcc/x86_64-linux-gnu/7/:/usr/lib/gcc/x86_64-linux-gnu/]
  ignore line: [LIBRARY_PATH=/usr/lib/gcc/x86_64-linux-gnu/7/:/usr/lib/gcc/x86_64-linux-gnu/7/../../../x86_64-linux-gnu/:/usr/lib/gcc/x86_64-linux-gnu/7/../../../../lib/:/lib/x86_64-linux-gnu/:/lib/../lib/:/usr/lib/x86_64-linux-gnu/:/usr/lib/../lib/:/usr/lib/gcc/x86_64-linux-gnu/7/../../../:/lib/:/usr/lib/]
  ignore line: [COLLECT_GCC_OPTIONS='-v' '-o' 'cmTC_844b2' '-mtune=generic' '-march=x86-64']
  link line: [ /usr/lib/gcc/x86_64-linux-gnu/7/collect2 -plugin /usr/lib/gcc/x86_64-linux-gnu/7/liblto_plugin.so -plugin-opt=/usr/lib/gcc/x86_64-linux-gnu/7/lto-wrapper -plugin-opt=-fresolution=/tmp/cc4hcYZ1.res -plugin-opt=-pass-through=-lgcc -plugin-opt=-pass-through=-lgcc_s -plugin-opt=-pass-through=-lc -plugin-opt=-pass-through=-lgcc -plugin-opt=-pass-through=-lgcc_s --sysroot=/ --build-id --eh-frame-hdr -m elf_x86_64 --hash-style=gnu --as-needed -dynamic-linker /lib64/ld-linux-x86-64.so.2 -pie -z now -z relro -o cmTC_844b2 /usr/lib/gcc/x86_64-linux-gnu/7/../../../x86_64-linux-gnu/Scrt1.o /usr/lib/gcc/x86_64-linux-gnu/7/../../../x86_64-linux-gnu/crti.o /usr/lib/gcc/x86_64-linux-gnu/7/crtbeginS.o -L/usr/lib/gcc/x86_64-linux-gnu/7 -L/usr/lib/gcc/x86_64-linux-gnu/7/../../../x86_64-linux-gnu -L/usr/lib/gcc/x86_64-linux-gnu/7/../../../../lib -L/lib/x86_64-linux-gnu -L/lib/../lib -L/usr/lib/x86_64-linux-gnu -L/usr/lib/../lib -L/usr/lib/gcc/x86_64-linux-gnu/7/../../.. CMakeFiles/cmTC_844b2.dir/CMakeCCompilerABI.c.o -lgcc --push-state --as-needed -lgcc_s --pop-state -lc -lgcc --push-state --as-needed -lgcc_s --pop-state /usr/lib/gcc/x86_64-linux-gnu/7/crtendS.o /usr/lib/gcc/x86_64-linux-gnu/7/../../../x86_64-linux-gnu/crtn.o]
    arg [/usr/lib/gcc/x86_64-linux-gnu/7/collect2] ==> ignore
    arg [-plugin] ==> ignore
    arg [/usr/lib/gcc/x86_64-linux-gnu/7/liblto_plugin.so] ==> ignore
    arg [-plugin-opt=/usr/lib/gcc/x86_64-linux-gnu/7/lto-wrapper] ==> ignore
    arg [-plugin-opt=-fresolution=/tmp/cc4hcYZ1.res] ==> ignore
    arg [-plugin-opt=-pass-through=-lgcc] ==> ignore
    arg [-plugin-opt=-pass-through=-lgcc_s] ==> ignore
    arg [-plugin-opt=-pass-through=-lc] ==> ignore
    arg [-plugin-opt=-pass-through=-lgcc] ==> ignore
    arg [-plugin-opt=-pass-through=-lgcc_s] ==> ignore
    arg [--sysroot=/] ==> ignore
    arg [--build-id] ==> ignore
    arg [--eh-frame-hdr] ==> ignore
    arg [-m] ==> ignore
    arg [elf_x86_64] ==> ignore
    arg [--hash-style=gnu] ==> ignore
    arg [--as-needed] ==> ignore
    arg [-dynamic-linker] ==> ignore
    arg [/lib64/ld-linux-x86-64.so.2] ==> ignore
    arg [-pie] ==> ignore
    arg [-znow] ==> ignore
    arg [-zrelro] ==> ignore
    arg [-o] ==> ignore
    arg [cmTC_844b2] ==> ignore
    arg [/usr/lib/gcc/x86_64-linux-gnu/7/../../../x86_64-linux-gnu/Scrt1.o] ==> ignore
    arg [/usr/lib/gcc/x86_64-linux-gnu/7/../../../x86_64-linux-gnu/crti.o] ==> ignore
    arg [/usr/lib/gcc/x86_64-linux-gnu/7/crtbeginS.o] ==> ignore
    arg [-L/usr/lib/gcc/x86_64-linux-gnu/7] ==> dir [/usr/lib/gcc/x86_64-linux-gnu/7]
    arg [-L/usr/lib/gcc/x86_64-linux-gnu/7/../../../x86_64-linux-gnu] ==> dir [/usr/lib/gcc/x86_64-linux-gnu/7/../../../x86_64-linux-gnu]
    arg [-L/usr/lib/gcc/x86_64-linux-gnu/7/../../../../lib] ==> dir [/usr/lib/gcc/x86_64-linux-gnu/7/../../../../lib]
    arg [-L/lib/x86_64-linux-gnu] ==> dir [/lib/x86_64-linux-gnu]
    arg [-L/lib/../lib] ==> dir [/lib/../lib]
    arg [-L/usr/lib/x86_64-linux-gnu] ==> dir [/usr/lib/x86_64-linux-gnu]
    arg [-L/usr/lib/../lib] ==> dir [/usr/lib/../lib]
    arg [-L/usr/lib/gcc/x86_64-linux-gnu/7/../../..] ==> dir [/usr/lib/gcc/x86_64-linux-gnu/7/../../..]
    arg [CMakeFiles/cmTC_844b2.dir/CMakeCCompilerABI.c.o] ==> ignore
    arg [-lgcc] ==> lib [gcc]
    arg [--push-state] ==> ignore
    arg [--as-needed] ==> ignore
    arg [-lgcc_s] ==> lib [gcc_s]
    arg [--pop-state] ==> ignore
    arg [-lc] ==> lib [c]
    arg [-lgcc] ==> lib [gcc]
    arg [--push-state] ==> ignore
    arg [--as-needed] ==> ignore
    arg [-lgcc_s] ==> lib [gcc_s]
    arg [--pop-state] ==> ignore
    arg [/usr/lib/gcc/x86_64-linux-gnu/7/crtendS.o] ==> ignore
    arg [/usr/lib/gcc/x86_64-linux-gnu/7/../../../x86_64-linux-gnu/crtn.o] ==> ignore
  collapse library dir [/usr/lib/gcc/x86_64-linux-gnu/7] ==> [/usr/lib/gcc/x86_64-linux-gnu/7]
  collapse library dir [/usr/lib/gcc/x86_64-linux-gnu/7/../../../x86_64-linux-gnu] ==> [/usr/lib/x86_64-linux-gnu]
  collapse library dir [/usr/lib/gcc/x86_64-linux-gnu/7/../../../../lib] ==> [/usr/lib]
  collapse library dir [/lib/x86_64-linux-gnu] ==> [/lib/x86_64-linux-gnu]
  collapse library dir [/lib/../lib] ==> [/lib]
  collapse library dir [/usr/lib/x86_64-linux-gnu] ==> [/usr/lib/x86_64-linux-gnu]
  collapse library dir [/usr/lib/../lib] ==> [/usr/lib]
  collapse library dir [/usr/lib/gcc/x86_64-linux-gnu/7/../../..] ==> [/usr/lib]
  implicit libs: [gcc;gcc_s;c;gcc;gcc_s]
  implicit dirs: [/usr/lib/gcc/x86_64-linux-gnu/7;/usr/lib/x86_64-linux-gnu;/usr/lib;/lib/x86_64-linux-gnu;/lib]
  implicit fwks: []




Detecting C [-std=c11] compiler features compiled with the following output:
Change Dir: /home/gmagoon/Downloads/KVIrc/CMakeFiles/CMakeTmp

Run Build Command:"/usr/bin/make" "cmTC_610e3/fast"
/usr/bin/make -f CMakeFiles/cmTC_610e3.dir/build.make CMakeFiles/cmTC_610e3.dir/build
make[1]: Entering directory '/home/gmagoon/Downloads/KVIrc/CMakeFiles/CMakeTmp'
Building C object CMakeFiles/cmTC_610e3.dir/feature_tests.c.o
/usr/bin/cc   -std=c11 -o CMakeFiles/cmTC_610e3.dir/feature_tests.c.o   -c /home/gmagoon/Downloads/KVIrc/CMakeFiles/feature_tests.c
Linking C executable cmTC_610e3
/usr/bin/cmake -E cmake_link_script CMakeFiles/cmTC_610e3.dir/link.txt --verbose=1
/usr/bin/cc      CMakeFiles/cmTC_610e3.dir/feature_tests.c.o  -o cmTC_610e3 
make[1]: Leaving directory '/home/gmagoon/Downloads/KVIrc/CMakeFiles/CMakeTmp'


    Feature record: C_FEATURE:1c_function_prototypes
    Feature record: C_FEATURE:1c_restrict
    Feature record: C_FEATURE:1c_static_assert
    Feature record: C_FEATURE:1c_variadic_macros


Detecting C [-std=c99] compiler features compiled with the following output:
Change Dir: /home/gmagoon/Downloads/KVIrc/CMakeFiles/CMakeTmp

Run Build Command:"/usr/bin/make" "cmTC_34d57/fast"
/usr/bin/make -f CMakeFiles/cmTC_34d57.dir/build.make CMakeFiles/cmTC_34d57.dir/build
make[1]: Entering directory '/home/gmagoon/Downloads/KVIrc/CMakeFiles/CMakeTmp'
Building C object CMakeFiles/cmTC_34d57.dir/feature_tests.c.o
/usr/bin/cc   -std=c99 -o CMakeFiles/cmTC_34d57.dir/feature_tests.c.o   -c /home/gmagoon/Downloads/KVIrc/CMakeFiles/feature_tests.c
Linking C executable cmTC_34d57
/usr/bin/cmake -E cmake_link_script CMakeFiles/cmTC_34d57.dir/link.txt --verbose=1
/usr/bin/cc      CMakeFiles/cmTC_34d57.dir/feature_tests.c.o  -o cmTC_34d57 
make[1]: Leaving directory '/home/gmagoon/Downloads/KVIrc/CMakeFiles/CMakeTmp'


    Feature record: C_FEATURE:1c_function_prototypes
    Feature record: C_FEATURE:1c_restrict
    Feature record: C_FEATURE:0c_static_assert
    Feature record: C_FEATURE:1c_variadic_macros


Detecting C [-std=c90] compiler features compiled with the following output:
Change Dir: /home/gmagoon/Downloads/KVIrc/CMakeFiles/CMakeTmp

Run Build Command:"/usr/bin/make" "cmTC_2af0f/fast"
/usr/bin/make -f CMakeFiles/cmTC_2af0f.dir/build.make CMakeFiles/cmTC_2af0f.dir/build
make[1]: Entering directory '/home/gmagoon/Downloads/KVIrc/CMakeFiles/CMakeTmp'
Building C object CMakeFiles/cmTC_2af0f.dir/feature_tests.c.o
/usr/bin/cc   -std=c90 -o CMakeFiles/cmTC_2af0f.dir/feature_tests.c.o   -c /home/gmagoon/Downloads/KVIrc/CMakeFiles/feature_tests.c
Linking C executable cmTC_2af0f
/usr/bin/cmake -E cmake_link_script CMakeFiles/cmTC_2af0f.dir/link.txt --verbose=1
/usr/bin/cc      CMakeFiles/cmTC_2af0f.dir/feature_tests.c.o  -o cmTC_2af0f 
make[1]: Leaving directory '/home/gmagoon/Downloads/KVIrc/CMakeFiles/CMakeTmp'


    Feature record: C_FEATURE:1c_function_prototypes
    Feature record: C_FEATURE:0c_restrict
    Feature record: C_FEATURE:0c_static_assert
    Feature record: C_FEATURE:0c_variadic_macros
Determining if the CXX compiler works passed with the following output:
Change Dir: /home/gmagoon/Downloads/KVIrc/CMakeFiles/CMakeTmp

Run Build Command:"/usr/bin/make" "cmTC_b9dd2/fast"
/usr/bin/make -f CMakeFiles/cmTC_b9dd2.dir/build.make CMakeFiles/cmTC_b9dd2.dir/build
make[1]: Entering directory '/home/gmagoon/Downloads/KVIrc/CMakeFiles/CMakeTmp'
Building CXX object CMakeFiles/cmTC_b9dd2.dir/testCXXCompiler.cxx.o
/usr/bin/c++     -o CMakeFiles/cmTC_b9dd2.dir/testCXXCompiler.cxx.o -c /home/gmagoon/Downloads/KVIrc/CMakeFiles/CMakeTmp/testCXXCompiler.cxx
Linking CXX executable cmTC_b9dd2
/usr/bin/cmake -E cmake_link_script CMakeFiles/cmTC_b9dd2.dir/link.txt --verbose=1
/usr/bin/c++       CMakeFiles/cmTC_b9dd2.dir/testCXXCompiler.cxx.o  -o cmTC_b9dd2 
make[1]: Leaving directory '/home/gmagoon/Downloads/KVIrc/CMakeFiles/CMakeTmp'


Detecting CXX compiler ABI info compiled with the following output:
Change Dir: /home/gmagoon/Downloads/KVIrc/CMakeFiles/CMakeTmp

Run Build Command:"/usr/bin/make" "cmTC_aa2fa/fast"
/usr/bin/make -f CMakeFiles/cmTC_aa2fa.dir/build.make CMakeFiles/cmTC_aa2fa.dir/build
make[1]: Entering directory '/home/gmagoon/Downloads/KVIrc/CMakeFiles/CMakeTmp'
Building CXX object CMakeFiles/cmTC_aa2fa.dir/CMakeCXXCompilerABI.cpp.o
/usr/bin/c++     -o CMakeFiles/cmTC_aa2fa.dir/CMakeCXXCompilerABI.cpp.o -c /usr/share/cmake-3.10/Modules/CMakeCXXCompilerABI.cpp
Linking CXX executable cmTC_aa2fa
/usr/bin/cmake -E cmake_link_script CMakeFiles/cmTC_aa2fa.dir/link.txt --verbose=1
/usr/bin/c++      -v CMakeFiles/cmTC_aa2fa.dir/CMakeCXXCompilerABI.cpp.o  -o cmTC_aa2fa 
Using built-in specs.
COLLECT_GCC=/usr/bin/c++
COLLECT_LTO_WRAPPER=/usr/lib/gcc/x86_64-linux-gnu/7/lto-wrapper
OFFLOAD_TARGET_NAMES=nvptx-none
OFFLOAD_TARGET_DEFAULT=1
Target: x86_64-linux-gnu
Configured with: ../src/configure -v --with-pkgversion='Ubuntu 7.4.0-1ubuntu1~18.04.1' --with-bugurl=file:///usr/share/doc/gcc-7/README.Bugs --enable-languages=c,ada,c++,go,brig,d,fortran,objc,obj-c++ --prefix=/usr --with-gcc-major-version-only --program-suffix=-7 --program-prefix=x86_64-linux-gnu- --enable-shared --enable-linker-build-id --libexecdir=/usr/lib --without-included-gettext --enable-threads=posix --libdir=/usr/lib --enable-nls --with-sysroot=/ --enable-clocale=gnu --enable-libstdcxx-debug --enable-libstdcxx-time=yes --with-default-libstdcxx-abi=new --enable-gnu-unique-object --disable-vtable-verify --enable-libmpx --enable-plugin --enable-default-pie --with-system-zlib --with-target-system-zlib --enable-objc-gc=auto --enable-multiarch --disable-werror --with-arch-32=i686 --with-abi=m64 --with-multilib-list=m32,m64,mx32 --enable-multilib --with-tune=generic --enable-offload-targets=nvptx-none --without-cuda-driver --enable-checking=release --build=x86_64-linux-gnu --host=x86_64-linux-gnu --target=x86_64-linux-gnu
Thread model: posix
gcc version 7.4.0 (Ubuntu 7.4.0-1ubuntu1~18.04.1) 
COMPILER_PATH=/usr/lib/gcc/x86_64-linux-gnu/7/:/usr/lib/gcc/x86_64-linux-gnu/7/:/usr/lib/gcc/x86_64-linux-gnu/:/usr/lib/gcc/x86_64-linux-gnu/7/:/usr/lib/gcc/x86_64-linux-gnu/
LIBRARY_PATH=/usr/lib/gcc/x86_64-linux-gnu/7/:/usr/lib/gcc/x86_64-linux-gnu/7/../../../x86_64-linux-gnu/:/usr/lib/gcc/x86_64-linux-gnu/7/../../../../lib/:/lib/x86_64-linux-gnu/:/lib/../lib/:/usr/lib/x86_64-linux-gnu/:/usr/lib/../lib/:/usr/lib/gcc/x86_64-linux-gnu/7/../../../:/lib/:/usr/lib/
COLLECT_GCC_OPTIONS='-v' '-o' 'cmTC_aa2fa' '-shared-libgcc' '-mtune=generic' '-march=x86-64'
 /usr/lib/gcc/x86_64-linux-gnu/7/collect2 -plugin /usr/lib/gcc/x86_64-linux-gnu/7/liblto_plugin.so -plugin-opt=/usr/lib/gcc/x86_64-linux-gnu/7/lto-wrapper -plugin-opt=-fresolution=/tmp/ccR85enu.res -plugin-opt=-pass-through=-lgcc_s -plugin-opt=-pass-through=-lgcc -plugin-opt=-pass-through=-lc -plugin-opt=-pass-through=-lgcc_s -plugin-opt=-pass-through=-lgcc --sysroot=/ --build-id --eh-frame-hdr -m elf_x86_64 --hash-style=gnu --as-needed -dynamic-linker /lib64/ld-linux-x86-64.so.2 -pie -z now -z relro -o cmTC_aa2fa /usr/lib/gcc/x86_64-linux-gnu/7/../../../x86_64-linux-gnu/Scrt1.o /usr/lib/gcc/x86_64-linux-gnu/7/../../../x86_64-linux-gnu/crti.o /usr/lib/gcc/x86_64-linux-gnu/7/crtbeginS.o -L/usr/lib/gcc/x86_64-linux-gnu/7 -L/usr/lib/gcc/x86_64-linux-gnu/7/../../../x86_64-linux-gnu -L/usr/lib/gcc/x86_64-linux-gnu/7/../../../../lib -L/lib/x86_64-linux-gnu -L/lib/../lib -L/usr/lib/x86_64-linux-gnu -L/usr/lib/../lib -L/usr/lib/gcc/x86_64-linux-gnu/7/../../.. CMakeFiles/cmTC_aa2fa.dir/CMakeCXXCompilerABI.cpp.o -lstdc++ -lm -lgcc_s -lgcc -lc -lgcc_s -lgcc /usr/lib/gcc/x86_64-linux-gnu/7/crtendS.o /usr/lib/gcc/x86_64-linux-gnu/7/../../../x86_64-linux-gnu/crtn.o
COLLECT_GCC_OPTIONS='-v' '-o' 'cmTC_aa2fa' '-shared-libgcc' '-mtune=generic' '-march=x86-64'
make[1]: Leaving directory '/home/gmagoon/Downloads/KVIrc/CMakeFiles/CMakeTmp'


Parsed CXX implicit link information from above output:
  link line regex: [^( *|.*[/\])(ld|CMAKE_LINK_STARTFILE-NOTFOUND|([^/\]+-)?ld|collect2)[^/\]*( |$)]
  ignore line: [Change Dir: /home/gmagoon/Downloads/KVIrc/CMakeFiles/CMakeTmp]
  ignore line: []
  ignore line: [Run Build Command:"/usr/bin/make" "cmTC_aa2fa/fast"]
  ignore line: [/usr/bin/make -f CMakeFiles/cmTC_aa2fa.dir/build.make CMakeFiles/cmTC_aa2fa.dir/build]
  ignore line: [make[1]: Entering directory '/home/gmagoon/Downloads/KVIrc/CMakeFiles/CMakeTmp']
  ignore line: [Building CXX object CMakeFiles/cmTC_aa2fa.dir/CMakeCXXCompilerABI.cpp.o]
  ignore line: [/usr/bin/c++     -o CMakeFiles/cmTC_aa2fa.dir/CMakeCXXCompilerABI.cpp.o -c /usr/share/cmake-3.10/Modules/CMakeCXXCompilerABI.cpp]
  ignore line: [Linking CXX executable cmTC_aa2fa]
  ignore line: [/usr/bin/cmake -E cmake_link_script CMakeFiles/cmTC_aa2fa.dir/link.txt --verbose=1]
  ignore line: [/usr/bin/c++      -v CMakeFiles/cmTC_aa2fa.dir/CMakeCXXCompilerABI.cpp.o  -o cmTC_aa2fa ]
  ignore line: [Using built-in specs.]
  ignore line: [COLLECT_GCC=/usr/bin/c++]
  ignore line: [COLLECT_LTO_WRAPPER=/usr/lib/gcc/x86_64-linux-gnu/7/lto-wrapper]
  ignore line: [OFFLOAD_TARGET_NAMES=nvptx-none]
  ignore line: [OFFLOAD_TARGET_DEFAULT=1]
  ignore line: [Target: x86_64-linux-gnu]
  ignore line: [Configured with: ../src/configure -v --with-pkgversion='Ubuntu 7.4.0-1ubuntu1~18.04.1' --with-bugurl=file:///usr/share/doc/gcc-7/README.Bugs --enable-languages=c,ada,c++,go,brig,d,fortran,objc,obj-c++ --prefix=/usr --with-gcc-major-version-only --program-suffix=-7 --program-prefix=x86_64-linux-gnu- --enable-shared --enable-linker-build-id --libexecdir=/usr/lib --without-included-gettext --enable-threads=posix --libdir=/usr/lib --enable-nls --with-sysroot=/ --enable-clocale=gnu --enable-libstdcxx-debug --enable-libstdcxx-time=yes --with-default-libstdcxx-abi=new --enable-gnu-unique-object --disable-vtable-verify --enable-libmpx --enable-plugin --enable-default-pie --with-system-zlib --with-target-system-zlib --enable-objc-gc=auto --enable-multiarch --disable-werror --with-arch-32=i686 --with-abi=m64 --with-multilib-list=m32,m64,mx32 --enable-multilib --with-tune=generic --enable-offload-targets=nvptx-none --without-cuda-driver --enable-checking=release --build=x86_64-linux-gnu --host=x86_64-linux-gnu --target=x86_64-linux-gnu]
  ignore line: [Thread model: posix]
  ignore line: [gcc version 7.4.0 (Ubuntu 7.4.0-1ubuntu1~18.04.1) ]
  ignore line: [COMPILER_PATH=/usr/lib/gcc/x86_64-linux-gnu/7/:/usr/lib/gcc/x86_64-linux-gnu/7/:/usr/lib/gcc/x86_64-linux-gnu/:/usr/lib/gcc/x86_64-linux-gnu/7/:/usr/lib/gcc/x86_64-linux-gnu/]
  ignore line: [LIBRARY_PATH=/usr/lib/gcc/x86_64-linux-gnu/7/:/usr/lib/gcc/x86_64-linux-gnu/7/../../../x86_64-linux-gnu/:/usr/lib/gcc/x86_64-linux-gnu/7/../../../../lib/:/lib/x86_64-linux-gnu/:/lib/../lib/:/usr/lib/x86_64-linux-gnu/:/usr/lib/../lib/:/usr/lib/gcc/x86_64-linux-gnu/7/../../../:/lib/:/usr/lib/]
  ignore line: [COLLECT_GCC_OPTIONS='-v' '-o' 'cmTC_aa2fa' '-shared-libgcc' '-mtune=generic' '-march=x86-64']
  link line: [ /usr/lib/gcc/x86_64-linux-gnu/7/collect2 -plugin /usr/lib/gcc/x86_64-linux-gnu/7/liblto_plugin.so -plugin-opt=/usr/lib/gcc/x86_64-linux-gnu/7/lto-wrapper -plugin-opt=-fresolution=/tmp/ccR85enu.res -plugin-opt=-pass-through=-lgcc_s -plugin-opt=-pass-through=-lgcc -plugin-opt=-pass-through=-lc -plugin-opt=-pass-through=-lgcc_s -plugin-opt=-pass-through=-lgcc --sysroot=/ --build-id --eh-frame-hdr -m elf_x86_64 --hash-style=gnu --as-needed -dynamic-linker /lib64/ld-linux-x86-64.so.2 -pie -z now -z relro -o cmTC_aa2fa /usr/lib/gcc/x86_64-linux-gnu/7/../../../x86_64-linux-gnu/Scrt1.o /usr/lib/gcc/x86_64-linux-gnu/7/../../../x86_64-linux-gnu/crti.o /usr/lib/gcc/x86_64-linux-gnu/7/crtbeginS.o -L/usr/lib/gcc/x86_64-linux-gnu/7 -L/usr/lib/gcc/x86_64-linux-gnu/7/../../../x86_64-linux-gnu -L/usr/lib/gcc/x86_64-linux-gnu/7/../../../../lib -L/lib/x86_64-linux-gnu -L/lib/../lib -L/usr/lib/x86_64-linux-gnu -L/usr/lib/../lib -L/usr/lib/gcc/x86_64-linux-gnu/7/../../.. CMakeFiles/cmTC_aa2fa.dir/CMakeCXXCompilerABI.cpp.o -lstdc++ -lm -lgcc_s -lgcc -lc -lgcc_s -lgcc /usr/lib/gcc/x86_64-linux-gnu/7/crtendS.o /usr/lib/gcc/x86_64-linux-gnu/7/../../../x86_64-linux-gnu/crtn.o]
    arg [/usr/lib/gcc/x86_64-linux-gnu/7/collect2] ==> ignore
    arg [-plugin] ==> ignore
    arg [/usr/lib/gcc/x86_64-linux-gnu/7/liblto_plugin.so] ==> ignore
    arg [-plugin-opt=/usr/lib/gcc/x86_64-linux-gnu/7/lto-wrapper] ==> ignore
    arg [-plugin-opt=-fresolution=/tmp/ccR85enu.res] ==> ignore
    arg [-plugin-opt=-pass-through=-lgcc_s] ==> ignore
    arg [-plugin-opt=-pass-through=-lgcc] ==> ignore
    arg [-plugin-opt=-pass-through=-lc] ==> ignore
    arg [-plugin-opt=-pass-through=-lgcc_s] ==> ignore
    arg [-plugin-opt=-pass-through=-lgcc] ==> ignore
    arg [--sysroot=/] ==> ignore
    arg [--build-id] ==> ignore
    arg [--eh-frame-hdr] ==> ignore
    arg [-m] ==> ignore
    arg [elf_x86_64] ==> ignore
    arg [--hash-style=gnu] ==> ignore
    arg [--as-needed] ==> ignore
    arg [-dynamic-linker] ==> ignore
    arg [/lib64/ld-linux-x86-64.so.2] ==> ignore
    arg [-pie] ==> ignore
    arg [-znow] ==> ignore
    arg [-zrelro] ==> ignore
    arg [-o] ==> ignore
    arg [cmTC_aa2fa] ==> ignore
    arg [/usr/lib/gcc/x86_64-linux-gnu/7/../../../x86_64-linux-gnu/Scrt1.o] ==> ignore
    arg [/usr/lib/gcc/x86_64-linux-gnu/7/../../../x86_64-linux-gnu/crti.o] ==> ignore
    arg [/usr/lib/gcc/x86_64-linux-gnu/7/crtbeginS.o] ==> ignore
    arg [-L/usr/lib/gcc/x86_64-linux-gnu/7] ==> dir [/usr/lib/gcc/x86_64-linux-gnu/7]
    arg [-L/usr/lib/gcc/x86_64-linux-gnu/7/../../../x86_64-linux-gnu] ==> dir [/usr/lib/gcc/x86_64-linux-gnu/7/../../../x86_64-linux-gnu]
    arg [-L/usr/lib/gcc/x86_64-linux-gnu/7/../../../../lib] ==> dir [/usr/lib/gcc/x86_64-linux-gnu/7/../../../../lib]
    arg [-L/lib/x86_64-linux-gnu] ==> dir [/lib/x86_64-linux-gnu]
    arg [-L/lib/../lib] ==> dir [/lib/../lib]
    arg [-L/usr/lib/x86_64-linux-gnu] ==> dir [/usr/lib/x86_64-linux-gnu]
    arg [-L/usr/lib/../lib] ==> dir [/usr/lib/../lib]
    arg [-L/usr/lib/gcc/x86_64-linux-gnu/7/../../..] ==> dir [/usr/lib/gcc/x86_64-linux-gnu/7/../../..]
    arg [CMakeFiles/cmTC_aa2fa.dir/CMakeCXXCompilerABI.cpp.o] ==> ignore
    arg [-lstdc++] ==> lib [stdc++]
    arg [-lm] ==> lib [m]
    arg [-lgcc_s] ==> lib [gcc_s]
    arg [-lgcc] ==> lib [gcc]
    arg [-lc] ==> lib [c]
    arg [-lgcc_s] ==> lib [gcc_s]
    arg [-lgcc] ==> lib [gcc]
    arg [/usr/lib/gcc/x86_64-linux-gnu/7/crtendS.o] ==> ignore
    arg [/usr/lib/gcc/x86_64-linux-gnu/7/../../../x86_64-linux-gnu/crtn.o] ==> ignore
  collapse library dir [/usr/lib/gcc/x86_64-linux-gnu/7] ==> [/usr/lib/gcc/x86_64-linux-gnu/7]
  collapse library dir [/usr/lib/gcc/x86_64-linux-gnu/7/../../../x86_64-linux-gnu] ==> [/usr/lib/x86_64-linux-gnu]
  collapse library dir [/usr/lib/gcc/x86_64-linux-gnu/7/../../../../lib] ==> [/usr/lib]
  collapse library dir [/lib/x86_64-linux-gnu] ==> [/lib/x86_64-linux-gnu]
  collapse library dir [/lib/../lib] ==> [/lib]
  collapse library dir [/usr/lib/x86_64-linux-gnu] ==> [/usr/lib/x86_64-linux-gnu]
  collapse library dir [/usr/lib/../lib] ==> [/usr/lib]
  collapse library dir [/usr/lib/gcc/x86_64-linux-gnu/7/../../..] ==> [/usr/lib]
  implicit libs: [stdc++;m;gcc_s;gcc;c;gcc_s;gcc]
  implicit dirs: [/usr/lib/gcc/x86_64-linux-gnu/7;/usr/lib/x86_64-linux-gnu;/usr/lib;/lib/x86_64-linux-gnu;/lib]
  implicit fwks: []




Detecting CXX [-std=c++1z] compiler features compiled with the following output:
Change Dir: /home/gmagoon/Downloads/KVIrc/CMakeFiles/CMakeTmp

Run Build Command:"/usr/bin/make" "cmTC_7d609/fast"
/usr/bin/make -f CMakeFiles/cmTC_7d609.dir/build.make CMakeFiles/cmTC_7d609.dir/build
make[1]: Entering directory '/home/gmagoon/Downloads/KVIrc/CMakeFiles/CMakeTmp'
Building CXX object CMakeFiles/cmTC_7d609.dir/feature_tests.cxx.o
/usr/bin/c++    -std=c++1z -o CMakeFiles/cmTC_7d609.dir/feature_tests.cxx.o -c /home/gmagoon/Downloads/KVIrc/CMakeFiles/feature_tests.cxx
Linking CXX executable cmTC_7d609
/usr/bin/cmake -E cmake_link_script CMakeFiles/cmTC_7d609.dir/link.txt --verbose=1
/usr/bin/c++       CMakeFiles/cmTC_7d609.dir/feature_tests.cxx.o  -o cmTC_7d609 
make[1]: Leaving directory '/home/gmagoon/Downloads/KVIrc/CMakeFiles/CMakeTmp'


    Feature record: CXX_FEATURE:1cxx_aggregate_default_initializers
    Feature record: CXX_FEATURE:1cxx_alias_templates
    Feature record: CXX_FEATURE:1cxx_alignas
    Feature record: CXX_FEATURE:1cxx_alignof
    Feature record: CXX_FEATURE:1cxx_attributes
    Feature record: CXX_FEATURE:1cxx_attribute_deprecated
    Feature record: CXX_FEATURE:1cxx_auto_type
    Feature record: CXX_FEATURE:1cxx_binary_literals
    Feature record: CXX_FEATURE:1cxx_constexpr
    Feature record: CXX_FEATURE:1cxx_contextual_conversions
    Feature record: CXX_FEATURE:1cxx_decltype
    Feature record: CXX_FEATURE:1cxx_decltype_auto
    Feature record: CXX_FEATURE:1cxx_decltype_incomplete_return_types
    Feature record: CXX_FEATURE:1cxx_default_function_template_args
    Feature record: CXX_FEATURE:1cxx_defaulted_functions
    Feature record: CXX_FEATURE:1cxx_defaulted_move_initializers
    Feature record: CXX_FEATURE:1cxx_delegating_constructors
    Feature record: CXX_FEATURE:1cxx_deleted_functions
    Feature record: CXX_FEATURE:1cxx_digit_separators
    Feature record: CXX_FEATURE:1cxx_enum_forward_declarations
    Feature record: CXX_FEATURE:1cxx_explicit_conversions
    Feature record: CXX_FEATURE:1cxx_extended_friend_declarations
    Feature record: CXX_FEATURE:1cxx_extern_templates
    Feature record: CXX_FEATURE:1cxx_final
    Feature record: CXX_FEATURE:1cxx_func_identifier
    Feature record: CXX_FEATURE:1cxx_generalized_initializers
    Feature record: CXX_FEATURE:1cxx_generic_lambdas
    Feature record: CXX_FEATURE:1cxx_inheriting_constructors
    Feature record: CXX_FEATURE:1cxx_inline_namespaces
    Feature record: CXX_FEATURE:1cxx_lambdas
    Feature record: CXX_FEATURE:1cxx_lambda_init_captures
    Feature record: CXX_FEATURE:1cxx_local_type_template_args
    Feature record: CXX_FEATURE:1cxx_long_long_type
    Feature record: CXX_FEATURE:1cxx_noexcept
    Feature record: CXX_FEATURE:1cxx_nonstatic_member_init
    Feature record: CXX_FEATURE:1cxx_nullptr
    Feature record: CXX_FEATURE:1cxx_override
    Feature record: CXX_FEATURE:1cxx_range_for
    Feature record: CXX_FEATURE:1cxx_raw_string_literals
    Feature record: CXX_FEATURE:1cxx_reference_qualified_functions
    Feature record: CXX_FEATURE:1cxx_relaxed_constexpr
    Feature record: CXX_FEATURE:1cxx_return_type_deduction
    Feature record: CXX_FEATURE:1cxx_right_angle_brackets
    Feature record: CXX_FEATURE:1cxx_rvalue_references
    Feature record: CXX_FEATURE:1cxx_sizeof_member
    Feature record: CXX_FEATURE:1cxx_static_assert
    Feature record: CXX_FEATURE:1cxx_strong_enums
    Feature record: CXX_FEATURE:1cxx_template_template_parameters
    Feature record: CXX_FEATURE:1cxx_thread_local
    Feature record: CXX_FEATURE:1cxx_trailing_return_types
    Feature record: CXX_FEATURE:1cxx_unicode_literals
    Feature record: CXX_FEATURE:1cxx_uniform_initialization
    Feature record: CXX_FEATURE:1cxx_unrestricted_unions
    Feature record: CXX_FEATURE:1cxx_user_literals
    Feature record: CXX_FEATURE:1cxx_variable_templates
    Feature record: CXX_FEATURE:1cxx_variadic_macros
    Feature record: CXX_FEATURE:1cxx_variadic_templates


Detecting CXX [-std=c++14] compiler features compiled with the following output:
Change Dir: /home/gmagoon/Downloads/KVIrc/CMakeFiles/CMakeTmp

Run Build Command:"/usr/bin/make" "cmTC_5535d/fast"
/usr/bin/make -f CMakeFiles/cmTC_5535d.dir/build.make CMakeFiles/cmTC_5535d.dir/build
make[1]: Entering directory '/home/gmagoon/Downloads/KVIrc/CMakeFiles/CMakeTmp'
Building CXX object CMakeFiles/cmTC_5535d.dir/feature_tests.cxx.o
/usr/bin/c++    -std=c++14 -o CMakeFiles/cmTC_5535d.dir/feature_tests.cxx.o -c /home/gmagoon/Downloads/KVIrc/CMakeFiles/feature_tests.cxx
Linking CXX executable cmTC_5535d
/usr/bin/cmake -E cmake_link_script CMakeFiles/cmTC_5535d.dir/link.txt --verbose=1
/usr/bin/c++       CMakeFiles/cmTC_5535d.dir/feature_tests.cxx.o  -o cmTC_5535d 
make[1]: Leaving directory '/home/gmagoon/Downloads/KVIrc/CMakeFiles/CMakeTmp'


    Feature record: CXX_FEATURE:1cxx_aggregate_default_initializers
    Feature record: CXX_FEATURE:1cxx_alias_templates
    Feature record: CXX_FEATURE:1cxx_alignas
    Feature record: CXX_FEATURE:1cxx_alignof
    Feature record: CXX_FEATURE:1cxx_attributes
    Feature record: CXX_FEATURE:1cxx_attribute_deprecated
    Feature record: CXX_FEATURE:1cxx_auto_type
    Feature record: CXX_FEATURE:1cxx_binary_literals
    Feature record: CXX_FEATURE:1cxx_constexpr
    Feature record: CXX_FEATURE:1cxx_contextual_conversions
    Feature record: CXX_FEATURE:1cxx_decltype
    Feature record: CXX_FEATURE:1cxx_decltype_auto
    Feature record: CXX_FEATURE:1cxx_decltype_incomplete_return_types
    Feature record: CXX_FEATURE:1cxx_default_function_template_args
    Feature record: CXX_FEATURE:1cxx_defaulted_functions
    Feature record: CXX_FEATURE:1cxx_defaulted_move_initializers
    Feature record: CXX_FEATURE:1cxx_delegating_constructors
    Feature record: CXX_FEATURE:1cxx_deleted_functions
    Feature record: CXX_FEATURE:1cxx_digit_separators
    Feature record: CXX_FEATURE:1cxx_enum_forward_declarations
    Feature record: CXX_FEATURE:1cxx_explicit_conversions
    Feature record: CXX_FEATURE:1cxx_extended_friend_declarations
    Feature record: CXX_FEATURE:1cxx_extern_templates
    Feature record: CXX_FEATURE:1cxx_final
    Feature record: CXX_FEATURE:1cxx_func_identifier
    Feature record: CXX_FEATURE:1cxx_generalized_initializers
    Feature record: CXX_FEATURE:1cxx_generic_lambdas
    Feature record: CXX_FEATURE:1cxx_inheriting_constructors
    Feature record: CXX_FEATURE:1cxx_inline_namespaces
    Feature record: CXX_FEATURE:1cxx_lambdas
    Feature record: CXX_FEATURE:1cxx_lambda_init_captures
    Feature record: CXX_FEATURE:1cxx_local_type_template_args
    Feature record: CXX_FEATURE:1cxx_long_long_type
    Feature record: CXX_FEATURE:1cxx_noexcept
    Feature record: CXX_FEATURE:1cxx_nonstatic_member_init
    Feature record: CXX_FEATURE:1cxx_nullptr
    Feature record: CXX_FEATURE:1cxx_override
    Feature record: CXX_FEATURE:1cxx_range_for
    Feature record: CXX_FEATURE:1cxx_raw_string_literals
    Feature record: CXX_FEATURE:1cxx_reference_qualified_functions
    Feature record: CXX_FEATURE:1cxx_relaxed_constexpr
    Feature record: CXX_FEATURE:1cxx_return_type_deduction
    Feature record: CXX_FEATURE:1cxx_right_angle_brackets
    Feature record: CXX_FEATURE:1cxx_rvalue_references
    Feature record: CXX_FEATURE:1cxx_sizeof_member
    Feature record: CXX_FEATURE:1cxx_static_assert
    Feature record: CXX_FEATURE:1cxx_strong_enums
    Feature record: CXX_FEATURE:1cxx_template_template_parameters
    Feature record: CXX_FEATURE:1cxx_thread_local
    Feature record: CXX_FEATURE:1cxx_trailing_return_types
    Feature record: CXX_FEATURE:1cxx_unicode_literals
    Feature record: CXX_FEATURE:1cxx_uniform_initialization
    Feature record: CXX_FEATURE:1cxx_unrestricted_unions
    Feature record: CXX_FEATURE:1cxx_user_literals
    Feature record: CXX_FEATURE:1cxx_variable_templates
    Feature record: CXX_FEATURE:1cxx_variadic_macros
    Feature record: CXX_FEATURE:1cxx_variadic_templates


Detecting CXX [-std=c++11] compiler features compiled with the following output:
Change Dir: /home/gmagoon/Downloads/KVIrc/CMakeFiles/CMakeTmp

Run Build Command:"/usr/bin/make" "cmTC_b2cc8/fast"
/usr/bin/make -f CMakeFiles/cmTC_b2cc8.dir/build.make CMakeFiles/cmTC_b2cc8.dir/build
make[1]: Entering directory '/home/gmagoon/Downloads/KVIrc/CMakeFiles/CMakeTmp'
Building CXX object CMakeFiles/cmTC_b2cc8.dir/feature_tests.cxx.o
/usr/bin/c++    -std=c++11 -o CMakeFiles/cmTC_b2cc8.dir/feature_tests.cxx.o -c /home/gmagoon/Downloads/KVIrc/CMakeFiles/feature_tests.cxx
Linking CXX executable cmTC_b2cc8
/usr/bin/cmake -E cmake_link_script CMakeFiles/cmTC_b2cc8.dir/link.txt --verbose=1
/usr/bin/c++       CMakeFiles/cmTC_b2cc8.dir/feature_tests.cxx.o  -o cmTC_b2cc8 
make[1]: Leaving directory '/home/gmagoon/Downloads/KVIrc/CMakeFiles/CMakeTmp'


    Feature record: CXX_FEATURE:0cxx_aggregate_default_initializers
    Feature record: CXX_FEATURE:1cxx_alias_templates
    Feature record: CXX_FEATURE:1cxx_alignas
    Feature record: CXX_FEATURE:1cxx_alignof
    Feature record: CXX_FEATURE:1cxx_attributes
    Feature record: CXX_FEATURE:0cxx_attribute_deprecated
    Feature record: CXX_FEATURE:1cxx_auto_type
    Feature record: CXX_FEATURE:0cxx_binary_literals
    Feature record: CXX_FEATURE:1cxx_constexpr
    Feature record: CXX_FEATURE:0cxx_contextual_conversions
    Feature record: CXX_FEATURE:1cxx_decltype
    Feature record: CXX_FEATURE:0cxx_decltype_auto
    Feature record: CXX_FEATURE:1cxx_decltype_incomplete_return_types
    Feature record: CXX_FEATURE:1cxx_default_function_template_args
    Feature record: CXX_FEATURE:1cxx_defaulted_functions
    Feature record: CXX_FEATURE:1cxx_defaulted_move_initializers
    Feature record: CXX_FEATURE:1cxx_delegating_constructors
    Feature record: CXX_FEATURE:1cxx_deleted_functions
    Feature record: CXX_FEATURE:0cxx_digit_separators
    Feature record: CXX_FEATURE:1cxx_enum_forward_declarations
    Feature record: CXX_FEATURE:1cxx_explicit_conversions
    Feature record: CXX_FEATURE:1cxx_extended_friend_declarations
    Feature record: CXX_FEATURE:1cxx_extern_templates
    Feature record: CXX_FEATURE:1cxx_final
    Feature record: CXX_FEATURE:1cxx_func_identifier
    Feature record: CXX_FEATURE:1cxx_generalized_initializers
    Feature record: CXX_FEATURE:0cxx_generic_lambdas
    Feature record: CXX_FEATURE:1cxx_inheriting_constructors
    Feature record: CXX_FEATURE:1cxx_inline_namespaces
    Feature record: CXX_FEATURE:1cxx_lambdas
    Feature record: CXX_FEATURE:0cxx_lambda_init_captures
    Feature record: CXX_FEATURE:1cxx_local_type_template_args
    Feature record: CXX_FEATURE:1cxx_long_long_type
    Feature record: CXX_FEATURE:1cxx_noexcept
    Feature record: CXX_FEATURE:1cxx_nonstatic_member_init
    Feature record: CXX_FEATURE:1cxx_nullptr
    Feature record: CXX_FEATURE:1cxx_override
    Feature record: CXX_FEATURE:1cxx_range_for
    Feature record: CXX_FEATURE:1cxx_raw_string_literals
    Feature record: CXX_FEATURE:1cxx_reference_qualified_functions
    Feature record: CXX_FEATURE:0cxx_relaxed_constexpr
    Feature record: CXX_FEATURE:0cxx_return_type_deduction
    Feature record: CXX_FEATURE:1cxx_right_angle_brackets
    Feature record: CXX_FEATURE:1cxx_rvalue_references
    Feature record: CXX_FEATURE:1cxx_sizeof_member
    Feature record: CXX_FEATURE:1cxx_static_assert
    Feature record: CXX_FEATURE:1cxx_strong_enums
    Feature record: CXX_FEATURE:1cxx_template_template_parameters
    Feature record: CXX_FEATURE:1cxx_thread_local
    Feature record: CXX_FEATURE:1cxx_trailing_return_types
    Feature record: CXX_FEATURE:1cxx_unicode_literals
    Feature record: CXX_FEATURE:1cxx_uniform_initialization
    Feature record: CXX_FEATURE:1cxx_unrestricted_unions
    Feature record: CXX_FEATURE:1cxx_user_literals
    Feature record: CXX_FEATURE:0cxx_variable_templates
    Feature record: CXX_FEATURE:1cxx_variadic_macros
    Feature record: CXX_FEATURE:1cxx_variadic_templates


Detecting CXX [-std=c++98] compiler features compiled with the following output:
Change Dir: /home/gmagoon/Downloads/KVIrc/CMakeFiles/CMakeTmp

Run Build Command:"/usr/bin/make" "cmTC_6c37a/fast"
/usr/bin/make -f CMakeFiles/cmTC_6c37a.dir/build.make CMakeFiles/cmTC_6c37a.dir/build
make[1]: Entering directory '/home/gmagoon/Downloads/KVIrc/CMakeFiles/CMakeTmp'
Building CXX object CMakeFiles/cmTC_6c37a.dir/feature_tests.cxx.o
/usr/bin/c++    -std=c++98 -o CMakeFiles/cmTC_6c37a.dir/feature_tests.cxx.o -c /home/gmagoon/Downloads/KVIrc/CMakeFiles/feature_tests.cxx
Linking CXX executable cmTC_6c37a
/usr/bin/cmake -E cmake_link_script CMakeFiles/cmTC_6c37a.dir/link.txt --verbose=1
/usr/bin/c++       CMakeFiles/cmTC_6c37a.dir/feature_tests.cxx.o  -o cmTC_6c37a 
make[1]: Leaving directory '/home/gmagoon/Downloads/KVIrc/CMakeFiles/CMakeTmp'


    Feature record: CXX_FEATURE:0cxx_aggregate_default_initializers
    Feature record: CXX_FEATURE:0cxx_alias_templates
    Feature record: CXX_FEATURE:0cxx_alignas
    Feature record: CXX_FEATURE:0cxx_alignof
    Feature record: CXX_FEATURE:0cxx_attributes
    Feature record: CXX_FEATURE:0cxx_attribute_deprecated
    Feature record: CXX_FEATURE:0cxx_auto_type
    Feature record: CXX_FEATURE:0cxx_binary_literals
    Feature record: CXX_FEATURE:0cxx_constexpr
    Feature record: CXX_FEATURE:0cxx_contextual_conversions
    Feature record: CXX_FEATURE:0cxx_decltype
    Feature record: CXX_FEATURE:0cxx_decltype_auto
    Feature record: CXX_FEATURE:0cxx_decltype_incomplete_return_types
    Feature record: CXX_FEATURE:0cxx_default_function_template_args
    Feature record: CXX_FEATURE:0cxx_defaulted_functions
    Feature record: CXX_FEATURE:0cxx_defaulted_move_initializers
    Feature record: CXX_FEATURE:0cxx_delegating_constructors
    Feature record: CXX_FEATURE:0cxx_deleted_functions
    Feature record: CXX_FEATURE:0cxx_digit_separators
    Feature record: CXX_FEATURE:0cxx_enum_forward_declarations
    Feature record: CXX_FEATURE:0cxx_explicit_conversions
    Feature record: CXX_FEATURE:0cxx_extended_friend_declarations
    Feature record: CXX_FEATURE:0cxx_extern_templates
    Feature record: CXX_FEATURE:0cxx_final
    Feature record: CXX_FEATURE:0cxx_func_identifier
    Feature record: CXX_FEATURE:0cxx_generalized_initializers
    Feature record: CXX_FEATURE:0cxx_generic_lambdas
    Feature record: CXX_FEATURE:0cxx_inheriting_constructors
    Feature record: CXX_FEATURE:0cxx_inline_namespaces
    Feature record: CXX_FEATURE:0cxx_lambdas
    Feature record: CXX_FEATURE:0cxx_lambda_init_captures
    Feature record: CXX_FEATURE:0cxx_local_type_template_args
    Feature record: CXX_FEATURE:0cxx_long_long_type
    Feature record: CXX_FEATURE:0cxx_noexcept
    Feature record: CXX_FEATURE:0cxx_nonstatic_member_init
    Feature record: CXX_FEATURE:0cxx_nullptr
    Feature record: CXX_FEATURE:0cxx_override
    Feature record: CXX_FEATURE:0cxx_range_for
    Feature record: CXX_FEATURE:0cxx_raw_string_literals
    Feature record: CXX_FEATURE:0cxx_reference_qualified_functions
    Feature record: CXX_FEATURE:0cxx_relaxed_constexpr
    Feature record: CXX_FEATURE:0cxx_return_type_deduction
    Feature record: CXX_FEATURE:0cxx_right_angle_brackets
    Feature record: CXX_FEATURE:0cxx_rvalue_references
    Feature record: CXX_FEATURE:0cxx_sizeof_member
    Feature record: CXX_FEATURE:0cxx_static_assert
    Feature record: CXX_FEATURE:0cxx_strong_enums
    Feature record: CXX_FEATURE:1cxx_template_template_parameters
    Feature record: CXX_FEATURE:0cxx_thread_local
    Feature record: CXX_FEATURE:0cxx_trailing_return_types
    Feature record: CXX_FEATURE:0cxx_unicode_literals
    Feature record: CXX_FEATURE:0cxx_uniform_initialization
    Feature record: CXX_FEATURE:0cxx_unrestricted_unions
    Feature record: CXX_FEATURE:0cxx_user_literals
    Feature record: CXX_FEATURE:0cxx_variable_templates
    Feature record: CXX_FEATURE:0cxx_variadic_macros
    Feature record: CXX_FEATURE:0cxx_variadic_templates
Performing C++ SOURCE FILE Test CXX_HAS_VIH_FLAG succeeded with the following output:
Change Dir: /home/gmagoon/Downloads/KVIrc/CMakeFiles/CMakeTmp

Run Build Command:"/usr/bin/make" "cmTC_66407/fast"
/usr/bin/make -f CMakeFiles/cmTC_66407.dir/build.make CMakeFiles/cmTC_66407.dir/build
make[1]: Entering directory '/home/gmagoon/Downloads/KVIrc/CMakeFiles/CMakeTmp'
Building CXX object CMakeFiles/cmTC_66407.dir/src.cxx.o
/usr/bin/c++    -O3 -fomit-frame-pointer -DNDEBUG --no-enforce-eh-specs -pipe --exec-charset=UTF-8 --input-charset=UTF-8 --no-implement-inlines --unit-at-a-time --fast-math -DCXX_HAS_VIH_FLAG   -fvisibility-inlines-hidden -o CMakeFiles/cmTC_66407.dir/src.cxx.o -c /home/gmagoon/Downloads/KVIrc/CMakeFiles/CMakeTmp/src.cxx
Linking CXX executable cmTC_66407
/usr/bin/cmake -E cmake_link_script CMakeFiles/cmTC_66407.dir/link.txt --verbose=1
/usr/bin/c++  -O3 -fomit-frame-pointer -DNDEBUG --no-enforce-eh-specs -pipe --exec-charset=UTF-8 --input-charset=UTF-8 --no-implement-inlines --unit-at-a-time --fast-math -DCXX_HAS_VIH_FLAG    CMakeFiles/cmTC_66407.dir/src.cxx.o  -o cmTC_66407 
make[1]: Leaving directory '/home/gmagoon/Downloads/KVIrc/CMakeFiles/CMakeTmp'

Source file was:
int main() { return 0; }
Determining if the include file sys/types.h exists passed with the following output:
Change Dir: /home/gmagoon/Downloads/KVIrc/CMakeFiles/CMakeTmp

Run Build Command:"/usr/bin/make" "cmTC_f71b3/fast"
/usr/bin/make -f CMakeFiles/cmTC_f71b3.dir/build.make CMakeFiles/cmTC_f71b3.dir/build
make[1]: Entering directory '/home/gmagoon/Downloads/KVIrc/CMakeFiles/CMakeTmp'
Building C object CMakeFiles/cmTC_f71b3.dir/CheckIncludeFile.c.o
/usr/bin/cc   -O3 -fomit-frame-pointer -DNDEBUG --no-enforce-eh-specs -pipe --exec-charset=UTF-8 --input-charset=UTF-8 --no-implement-inlines --unit-at-a-time --fast-math -fvisibility-inlines-hidden -fvisibility-inlines-hidden    -o CMakeFiles/cmTC_f71b3.dir/CheckIncludeFile.c.o   -c /home/gmagoon/Downloads/KVIrc/CMakeFiles/CMakeTmp/CheckIncludeFile.c
cc1: warning: command line option ‘-fno-enforce-eh-specs’ is valid for C++/ObjC++ but not for C
cc1: warning: command line option ‘-fno-implement-inlines’ is valid for C++/ObjC++ but not for C
cc1: warning: command line option ‘-fvisibility-inlines-hidden’ is valid for C++/ObjC++ but not for C
Linking C executable cmTC_f71b3
/usr/bin/cmake -E cmake_link_script CMakeFiles/cmTC_f71b3.dir/link.txt --verbose=1
/usr/bin/cc -O3 -fomit-frame-pointer -DNDEBUG --no-enforce-eh-specs -pipe --exec-charset=UTF-8 --input-charset=UTF-8 --no-implement-inlines --unit-at-a-time --fast-math -fvisibility-inlines-hidden -fvisibility-inlines-hidden     CMakeFiles/cmTC_f71b3.dir/CheckIncludeFile.c.o  -o cmTC_f71b3 
make[1]: Leaving directory '/home/gmagoon/Downloads/KVIrc/CMakeFiles/CMakeTmp'


Determining if the include file stdint.h exists passed with the following output:
Change Dir: /home/gmagoon/Downloads/KVIrc/CMakeFiles/CMakeTmp

Run Build Command:"/usr/bin/make" "cmTC_b2fd9/fast"
/usr/bin/make -f CMakeFiles/cmTC_b2fd9.dir/build.make CMakeFiles/cmTC_b2fd9.dir/build
make[1]: Entering directory '/home/gmagoon/Downloads/KVIrc/CMakeFiles/CMakeTmp'
Building C object CMakeFiles/cmTC_b2fd9.dir/CheckIncludeFile.c.o
/usr/bin/cc   -O3 -fomit-frame-pointer -DNDEBUG --no-enforce-eh-specs -pipe --exec-charset=UTF-8 --input-charset=UTF-8 --no-implement-inlines --unit-at-a-time --fast-math -fvisibility-inlines-hidden -fvisibility-inlines-hidden    -o CMakeFiles/cmTC_b2fd9.dir/CheckIncludeFile.c.o   -c /home/gmagoon/Downloads/KVIrc/CMakeFiles/CMakeTmp/CheckIncludeFile.c
cc1: warning: command line option ‘-fno-enforce-eh-specs’ is valid for C++/ObjC++ but not for C
cc1: warning: command line option ‘-fno-implement-inlines’ is valid for C++/ObjC++ but not for C
cc1: warning: command line option ‘-fvisibility-inlines-hidden’ is valid for C++/ObjC++ but not for C
Linking C executable cmTC_b2fd9
/usr/bin/cmake -E cmake_link_script CMakeFiles/cmTC_b2fd9.dir/link.txt --verbose=1
/usr/bin/cc -O3 -fomit-frame-pointer -DNDEBUG --no-enforce-eh-specs -pipe --exec-charset=UTF-8 --input-charset=UTF-8 --no-implement-inlines --unit-at-a-time --fast-math -fvisibility-inlines-hidden -fvisibility-inlines-hidden     CMakeFiles/cmTC_b2fd9.dir/CheckIncludeFile.c.o  -o cmTC_b2fd9 
make[1]: Leaving directory '/home/gmagoon/Downloads/KVIrc/CMakeFiles/CMakeTmp'


Determining if the include file stddef.h exists passed with the following output:
Change Dir: /home/gmagoon/Downloads/KVIrc/CMakeFiles/CMakeTmp

Run Build Command:"/usr/bin/make" "cmTC_09968/fast"
/usr/bin/make -f CMakeFiles/cmTC_09968.dir/build.make CMakeFiles/cmTC_09968.dir/build
make[1]: Entering directory '/home/gmagoon/Downloads/KVIrc/CMakeFiles/CMakeTmp'
Building C object CMakeFiles/cmTC_09968.dir/CheckIncludeFile.c.o
/usr/bin/cc   -O3 -fomit-frame-pointer -DNDEBUG --no-enforce-eh-specs -pipe --exec-charset=UTF-8 --input-charset=UTF-8 --no-implement-inlines --unit-at-a-time --fast-math -fvisibility-inlines-hidden -fvisibility-inlines-hidden    -o CMakeFiles/cmTC_09968.dir/CheckIncludeFile.c.o   -c /home/gmagoon/Downloads/KVIrc/CMakeFiles/CMakeTmp/CheckIncludeFile.c
cc1: warning: command line option ‘-fno-enforce-eh-specs’ is valid for C++/ObjC++ but not for C
cc1: warning: command line option ‘-fno-implement-inlines’ is valid for C++/ObjC++ but not for C
cc1: warning: command line option ‘-fvisibility-inlines-hidden’ is valid for C++/ObjC++ but not for C
Linking C executable cmTC_09968
/usr/bin/cmake -E cmake_link_script CMakeFiles/cmTC_09968.dir/link.txt --verbose=1
/usr/bin/cc -O3 -fomit-frame-pointer -DNDEBUG --no-enforce-eh-specs -pipe --exec-charset=UTF-8 --input-charset=UTF-8 --no-implement-inlines --unit-at-a-time --fast-math -fvisibility-inlines-hidden -fvisibility-inlines-hidden     CMakeFiles/cmTC_09968.dir/CheckIncludeFile.c.o  -o cmTC_09968 
make[1]: Leaving directory '/home/gmagoon/Downloads/KVIrc/CMakeFiles/CMakeTmp'


Determining size of short passed with the following output:
Change Dir: /home/gmagoon/Downloads/KVIrc/CMakeFiles/CMakeTmp

Run Build Command:"/usr/bin/make" "cmTC_d49c3/fast"
/usr/bin/make -f CMakeFiles/cmTC_d49c3.dir/build.make CMakeFiles/cmTC_d49c3.dir/build
make[1]: Entering directory '/home/gmagoon/Downloads/KVIrc/CMakeFiles/CMakeTmp'
Building C object CMakeFiles/cmTC_d49c3.dir/CMAKE_SYSTEM_SIZE_OF_SHORT_INT.c.o
/usr/bin/cc   -O3 -fomit-frame-pointer -DNDEBUG --no-enforce-eh-specs -pipe --exec-charset=UTF-8 --input-charset=UTF-8 --no-implement-inlines --unit-at-a-time --fast-math -fvisibility-inlines-hidden -fvisibility-inlines-hidden    -o CMakeFiles/cmTC_d49c3.dir/CMAKE_SYSTEM_SIZE_OF_SHORT_INT.c.o   -c /home/gmagoon/Downloads/KVIrc/CMakeFiles/CheckTypeSize/CMAKE_SYSTEM_SIZE_OF_SHORT_INT.c
cc1: warning: command line option ‘-fno-enforce-eh-specs’ is valid for C++/ObjC++ but not for C
cc1: warning: command line option ‘-fno-implement-inlines’ is valid for C++/ObjC++ but not for C
cc1: warning: command line option ‘-fvisibility-inlines-hidden’ is valid for C++/ObjC++ but not for C
Linking C executable cmTC_d49c3
/usr/bin/cmake -E cmake_link_script CMakeFiles/cmTC_d49c3.dir/link.txt --verbose=1
/usr/bin/cc -O3 -fomit-frame-pointer -DNDEBUG --no-enforce-eh-specs -pipe --exec-charset=UTF-8 --input-charset=UTF-8 --no-implement-inlines --unit-at-a-time --fast-math -fvisibility-inlines-hidden -fvisibility-inlines-hidden     CMakeFiles/cmTC_d49c3.dir/CMAKE_SYSTEM_SIZE_OF_SHORT_INT.c.o  -o cmTC_d49c3 
make[1]: Leaving directory '/home/gmagoon/Downloads/KVIrc/CMakeFiles/CMakeTmp'


Determining size of int passed with the following output:
Change Dir: /home/gmagoon/Downloads/KVIrc/CMakeFiles/CMakeTmp

Run Build Command:"/usr/bin/make" "cmTC_27e26/fast"
/usr/bin/make -f CMakeFiles/cmTC_27e26.dir/build.make CMakeFiles/cmTC_27e26.dir/build
make[1]: Entering directory '/home/gmagoon/Downloads/KVIrc/CMakeFiles/CMakeTmp'
Building C object CMakeFiles/cmTC_27e26.dir/CMAKE_SYSTEM_SIZE_OF_INT.c.o
/usr/bin/cc   -O3 -fomit-frame-pointer -DNDEBUG --no-enforce-eh-specs -pipe --exec-charset=UTF-8 --input-charset=UTF-8 --no-implement-inlines --unit-at-a-time --fast-math -fvisibility-inlines-hidden -fvisibility-inlines-hidden    -o CMakeFiles/cmTC_27e26.dir/CMAKE_SYSTEM_SIZE_OF_INT.c.o   -c /home/gmagoon/Downloads/KVIrc/CMakeFiles/CheckTypeSize/CMAKE_SYSTEM_SIZE_OF_INT.c
cc1: warning: command line option ‘-fno-enforce-eh-specs’ is valid for C++/ObjC++ but not for C
cc1: warning: command line option ‘-fno-implement-inlines’ is valid for C++/ObjC++ but not for C
cc1: warning: command line option ‘-fvisibility-inlines-hidden’ is valid for C++/ObjC++ but not for C
Linking C executable cmTC_27e26
/usr/bin/cmake -E cmake_link_script CMakeFiles/cmTC_27e26.dir/link.txt --verbose=1
/usr/bin/cc -O3 -fomit-frame-pointer -DNDEBUG --no-enforce-eh-specs -pipe --exec-charset=UTF-8 --input-charset=UTF-8 --no-implement-inlines --unit-at-a-time --fast-math -fvisibility-inlines-hidden -fvisibility-inlines-hidden     CMakeFiles/cmTC_27e26.dir/CMAKE_SYSTEM_SIZE_OF_INT.c.o  -o cmTC_27e26 
make[1]: Leaving directory '/home/gmagoon/Downloads/KVIrc/CMakeFiles/CMakeTmp'


Determining size of long passed with the following output:
Change Dir: /home/gmagoon/Downloads/KVIrc/CMakeFiles/CMakeTmp

Run Build Command:"/usr/bin/make" "cmTC_a1f35/fast"
/usr/bin/make -f CMakeFiles/cmTC_a1f35.dir/build.make CMakeFiles/cmTC_a1f35.dir/build
make[1]: Entering directory '/home/gmagoon/Downloads/KVIrc/CMakeFiles/CMakeTmp'
Building C object CMakeFiles/cmTC_a1f35.dir/CMAKE_SYSTEM_SIZE_OF_LONG_INT.c.o
/usr/bin/cc   -O3 -fomit-frame-pointer -DNDEBUG --no-enforce-eh-specs -pipe --exec-charset=UTF-8 --input-charset=UTF-8 --no-implement-inlines --unit-at-a-time --fast-math -fvisibility-inlines-hidden -fvisibility-inlines-hidden    -o CMakeFiles/cmTC_a1f35.dir/CMAKE_SYSTEM_SIZE_OF_LONG_INT.c.o   -c /home/gmagoon/Downloads/KVIrc/CMakeFiles/CheckTypeSize/CMAKE_SYSTEM_SIZE_OF_LONG_INT.c
cc1: warning: command line option ‘-fno-enforce-eh-specs’ is valid for C++/ObjC++ but not for C
cc1: warning: command line option ‘-fno-implement-inlines’ is valid for C++/ObjC++ but not for C
cc1: warning: command line option ‘-fvisibility-inlines-hidden’ is valid for C++/ObjC++ but not for C
Linking C executable cmTC_a1f35
/usr/bin/cmake -E cmake_link_script CMakeFiles/cmTC_a1f35.dir/link.txt --verbose=1
/usr/bin/cc -O3 -fomit-frame-pointer -DNDEBUG --no-enforce-eh-specs -pipe --exec-charset=UTF-8 --input-charset=UTF-8 --no-implement-inlines --unit-at-a-time --fast-math -fvisibility-inlines-hidden -fvisibility-inlines-hidden     CMakeFiles/cmTC_a1f35.dir/CMAKE_SYSTEM_SIZE_OF_LONG_INT.c.o  -o cmTC_a1f35 
make[1]: Leaving directory '/home/gmagoon/Downloads/KVIrc/CMakeFiles/CMakeTmp'


Determining size of long long passed with the following output:
Change Dir: /home/gmagoon/Downloads/KVIrc/CMakeFiles/CMakeTmp

Run Build Command:"/usr/bin/make" "cmTC_2f092/fast"
/usr/bin/make -f CMakeFiles/cmTC_2f092.dir/build.make CMakeFiles/cmTC_2f092.dir/build
make[1]: Entering directory '/home/gmagoon/Downloads/KVIrc/CMakeFiles/CMakeTmp'
Building C object CMakeFiles/cmTC_2f092.dir/CMAKE_SYSTEM_SIZE_OF_LONG_LONG_INT.c.o
/usr/bin/cc   -O3 -fomit-frame-pointer -DNDEBUG --no-enforce-eh-specs -pipe --exec-charset=UTF-8 --input-charset=UTF-8 --no-implement-inlines --unit-at-a-time --fast-math -fvisibility-inlines-hidden -fvisibility-inlines-hidden    -o CMakeFiles/cmTC_2f092.dir/CMAKE_SYSTEM_SIZE_OF_LONG_LONG_INT.c.o   -c /home/gmagoon/Downloads/KVIrc/CMakeFiles/CheckTypeSize/CMAKE_SYSTEM_SIZE_OF_LONG_LONG_INT.c
cc1: warning: command line option ‘-fno-enforce-eh-specs’ is valid for C++/ObjC++ but not for C
cc1: warning: command line option ‘-fno-implement-inlines’ is valid for C++/ObjC++ but not for C
cc1: warning: command line option ‘-fvisibility-inlines-hidden’ is valid for C++/ObjC++ but not for C
Linking C executable cmTC_2f092
/usr/bin/cmake -E cmake_link_script CMakeFiles/cmTC_2f092.dir/link.txt --verbose=1
/usr/bin/cc -O3 -fomit-frame-pointer -DNDEBUG --no-enforce-eh-specs -pipe --exec-charset=UTF-8 --input-charset=UTF-8 --no-implement-inlines --unit-at-a-time --fast-math -fvisibility-inlines-hidden -fvisibility-inlines-hidden     CMakeFiles/cmTC_2f092.dir/CMAKE_SYSTEM_SIZE_OF_LONG_LONG_INT.c.o  -o cmTC_2f092 
make[1]: Leaving directory '/home/gmagoon/Downloads/KVIrc/CMakeFiles/CMakeTmp'


Determining if files sys/types.h exist passed with the following output:
Change Dir: /home/gmagoon/Downloads/KVIrc/CMakeFiles/CMakeTmp

Run Build Command:"/usr/bin/make" "cmTC_89afe/fast"
/usr/bin/make -f CMakeFiles/cmTC_89afe.dir/build.make CMakeFiles/cmTC_89afe.dir/build
make[1]: Entering directory '/home/gmagoon/Downloads/KVIrc/CMakeFiles/CMakeTmp'
Building C object CMakeFiles/cmTC_89afe.dir/CheckIncludeFiles.c.o
/usr/bin/cc   -O3 -fomit-frame-pointer -DNDEBUG --no-enforce-eh-specs -pipe --exec-charset=UTF-8 --input-charset=UTF-8 --no-implement-inlines --unit-at-a-time --fast-math -fvisibility-inlines-hidden -fvisibility-inlines-hidden    -o CMakeFiles/cmTC_89afe.dir/CheckIncludeFiles.c.o   -c /home/gmagoon/Downloads/KVIrc/CMakeFiles/CMakeTmp/CheckIncludeFiles.c
cc1: warning: command line option ‘-fno-enforce-eh-specs’ is valid for C++/ObjC++ but not for C
cc1: warning: command line option ‘-fno-implement-inlines’ is valid for C++/ObjC++ but not for C
cc1: warning: command line option ‘-fvisibility-inlines-hidden’ is valid for C++/ObjC++ but not for C
Linking C executable cmTC_89afe
/usr/bin/cmake -E cmake_link_script CMakeFiles/cmTC_89afe.dir/link.txt --verbose=1
/usr/bin/cc -O3 -fomit-frame-pointer -DNDEBUG --no-enforce-eh-specs -pipe --exec-charset=UTF-8 --input-charset=UTF-8 --no-implement-inlines --unit-at-a-time --fast-math -fvisibility-inlines-hidden -fvisibility-inlines-hidden     CMakeFiles/cmTC_89afe.dir/CheckIncludeFiles.c.o  -o cmTC_89afe 
make[1]: Leaving directory '/home/gmagoon/Downloads/KVIrc/CMakeFiles/CMakeTmp'


Determining if files strings.h exist passed with the following output:
Change Dir: /home/gmagoon/Downloads/KVIrc/CMakeFiles/CMakeTmp

Run Build Command:"/usr/bin/make" "cmTC_9e4c7/fast"
/usr/bin/make -f CMakeFiles/cmTC_9e4c7.dir/build.make CMakeFiles/cmTC_9e4c7.dir/build
make[1]: Entering directory '/home/gmagoon/Downloads/KVIrc/CMakeFiles/CMakeTmp'
Building C object CMakeFiles/cmTC_9e4c7.dir/CheckIncludeFiles.c.o
/usr/bin/cc   -O3 -fomit-frame-pointer -DNDEBUG --no-enforce-eh-specs -pipe --exec-charset=UTF-8 --input-charset=UTF-8 --no-implement-inlines --unit-at-a-time --fast-math -fvisibility-inlines-hidden -fvisibility-inlines-hidden    -o CMakeFiles/cmTC_9e4c7.dir/CheckIncludeFiles.c.o   -c /home/gmagoon/Downloads/KVIrc/CMakeFiles/CMakeTmp/CheckIncludeFiles.c
cc1: warning: command line option ‘-fno-enforce-eh-specs’ is valid for C++/ObjC++ but not for C
cc1: warning: command line option ‘-fno-implement-inlines’ is valid for C++/ObjC++ but not for C
cc1: warning: command line option ‘-fvisibility-inlines-hidden’ is valid for C++/ObjC++ but not for C
Linking C executable cmTC_9e4c7
/usr/bin/cmake -E cmake_link_script CMakeFiles/cmTC_9e4c7.dir/link.txt --verbose=1
/usr/bin/cc -O3 -fomit-frame-pointer -DNDEBUG --no-enforce-eh-specs -pipe --exec-charset=UTF-8 --input-charset=UTF-8 --no-implement-inlines --unit-at-a-time --fast-math -fvisibility-inlines-hidden -fvisibility-inlines-hidden     CMakeFiles/cmTC_9e4c7.dir/CheckIncludeFiles.c.o  -o cmTC_9e4c7 
make[1]: Leaving directory '/home/gmagoon/Downloads/KVIrc/CMakeFiles/CMakeTmp'


Determining if the include file pthread.h exists passed with the following output:
Change Dir: /home/gmagoon/Downloads/KVIrc/CMakeFiles/CMakeTmp

Run Build Command:"/usr/bin/make" "cmTC_c3b48/fast"
/usr/bin/make -f CMakeFiles/cmTC_c3b48.dir/build.make CMakeFiles/cmTC_c3b48.dir/build
make[1]: Entering directory '/home/gmagoon/Downloads/KVIrc/CMakeFiles/CMakeTmp'
Building C object CMakeFiles/cmTC_c3b48.dir/CheckIncludeFile.c.o
/usr/bin/cc   -O3 -fomit-frame-pointer -DNDEBUG --no-enforce-eh-specs -pipe --exec-charset=UTF-8 --input-charset=UTF-8 --no-implement-inlines --unit-at-a-time --fast-math -fvisibility-inlines-hidden -fvisibility-inlines-hidden    -o CMakeFiles/cmTC_c3b48.dir/CheckIncludeFile.c.o   -c /home/gmagoon/Downloads/KVIrc/CMakeFiles/CMakeTmp/CheckIncludeFile.c
cc1: warning: command line option ‘-fno-enforce-eh-specs’ is valid for C++/ObjC++ but not for C
cc1: warning: command line option ‘-fno-implement-inlines’ is valid for C++/ObjC++ but not for C
cc1: warning: command line option ‘-fvisibility-inlines-hidden’ is valid for C++/ObjC++ but not for C
Linking C executable cmTC_c3b48
/usr/bin/cmake -E cmake_link_script CMakeFiles/cmTC_c3b48.dir/link.txt --verbose=1
/usr/bin/cc -O3 -fomit-frame-pointer -DNDEBUG --no-enforce-eh-specs -pipe --exec-charset=UTF-8 --input-charset=UTF-8 --no-implement-inlines --unit-at-a-time --fast-math -fvisibility-inlines-hidden -fvisibility-inlines-hidden     CMakeFiles/cmTC_c3b48.dir/CheckIncludeFile.c.o  -o cmTC_c3b48 
make[1]: Leaving directory '/home/gmagoon/Downloads/KVIrc/CMakeFiles/CMakeTmp'


Determining if the function pthread_create exists in the pthread passed with the following output:
Change Dir: /home/gmagoon/Downloads/KVIrc/CMakeFiles/CMakeTmp

Run Build Command:"/usr/bin/make" "cmTC_e09f4/fast"
/usr/bin/make -f CMakeFiles/cmTC_e09f4.dir/build.make CMakeFiles/cmTC_e09f4.dir/build
make[1]: Entering directory '/home/gmagoon/Downloads/KVIrc/CMakeFiles/CMakeTmp'
Building C object CMakeFiles/cmTC_e09f4.dir/CheckFunctionExists.c.o
/usr/bin/cc   -O3 -fomit-frame-pointer -DNDEBUG --no-enforce-eh-specs -pipe --exec-charset=UTF-8 --input-charset=UTF-8 --no-implement-inlines --unit-at-a-time --fast-math -fvisibility-inlines-hidden -fvisibility-inlines-hidden -DCHECK_FUNCTION_EXISTS=pthread_create   -o CMakeFiles/cmTC_e09f4.dir/CheckFunctionExists.c.o   -c /usr/share/cmake-3.10/Modules/CheckFunctionExists.c
cc1: warning: command line option ‘-fno-enforce-eh-specs’ is valid for C++/ObjC++ but not for C
cc1: warning: command line option ‘-fno-implement-inlines’ is valid for C++/ObjC++ but not for C
cc1: warning: command line option ‘-fvisibility-inlines-hidden’ is valid for C++/ObjC++ but not for C
Linking C executable cmTC_e09f4
/usr/bin/cmake -E cmake_link_script CMakeFiles/cmTC_e09f4.dir/link.txt --verbose=1
/usr/bin/cc -O3 -fomit-frame-pointer -DNDEBUG --no-enforce-eh-specs -pipe --exec-charset=UTF-8 --input-charset=UTF-8 --no-implement-inlines --unit-at-a-time --fast-math -fvisibility-inlines-hidden -fvisibility-inlines-hidden -DCHECK_FUNCTION_EXISTS=pthread_create    CMakeFiles/cmTC_e09f4.dir/CheckFunctionExists.c.o  -o cmTC_e09f4 -lpthread 
make[1]: Leaving directory '/home/gmagoon/Downloads/KVIrc/CMakeFiles/CMakeTmp'


Determining if the function XOpenDisplay exists in the /usr/lib/x86_64-linux-gnu/libX11.so;/usr/lib/x86_64-linux-gnu/libXext.so passed with the following output:
Change Dir: /home/gmagoon/Downloads/KVIrc/CMakeFiles/CMakeTmp

Run Build Command:"/usr/bin/make" "cmTC_db94d/fast"
/usr/bin/make -f CMakeFiles/cmTC_db94d.dir/build.make CMakeFiles/cmTC_db94d.dir/build
make[1]: Entering directory '/home/gmagoon/Downloads/KVIrc/CMakeFiles/CMakeTmp'
Building C object CMakeFiles/cmTC_db94d.dir/CheckFunctionExists.c.o
/usr/bin/cc   -O3 -fomit-frame-pointer -DNDEBUG --no-enforce-eh-specs -pipe --exec-charset=UTF-8 --input-charset=UTF-8 --no-implement-inlines --unit-at-a-time --fast-math -fvisibility-inlines-hidden -fvisibility-inlines-hidden -DCHECK_FUNCTION_EXISTS=XOpenDisplay   -o CMakeFiles/cmTC_db94d.dir/CheckFunctionExists.c.o   -c /usr/share/cmake-3.10/Modules/CheckFunctionExists.c
cc1: warning: command line option ‘-fno-enforce-eh-specs’ is valid for C++/ObjC++ but not for C
cc1: warning: command line option ‘-fno-implement-inlines’ is valid for C++/ObjC++ but not for C
cc1: warning: command line option ‘-fvisibility-inlines-hidden’ is valid for C++/ObjC++ but not for C
Linking C executable cmTC_db94d
/usr/bin/cmake -E cmake_link_script CMakeFiles/cmTC_db94d.dir/link.txt --verbose=1
/usr/bin/cc -O3 -fomit-frame-pointer -DNDEBUG --no-enforce-eh-specs -pipe --exec-charset=UTF-8 --input-charset=UTF-8 --no-implement-inlines --unit-at-a-time --fast-math -fvisibility-inlines-hidden -fvisibility-inlines-hidden -DCHECK_FUNCTION_EXISTS=XOpenDisplay    CMakeFiles/cmTC_db94d.dir/CheckFunctionExists.c.o  -o cmTC_db94d /usr/lib/x86_64-linux-gnu/libX11.so /usr/lib/x86_64-linux-gnu/libXext.so 
make[1]: Leaving directory '/home/gmagoon/Downloads/KVIrc/CMakeFiles/CMakeTmp'


Determining if the function gethostbyname exists passed with the following output:
Change Dir: /home/gmagoon/Downloads/KVIrc/CMakeFiles/CMakeTmp

Run Build Command:"/usr/bin/make" "cmTC_8c35d/fast"
/usr/bin/make -f CMakeFiles/cmTC_8c35d.dir/build.make CMakeFiles/cmTC_8c35d.dir/build
make[1]: Entering directory '/home/gmagoon/Downloads/KVIrc/CMakeFiles/CMakeTmp'
Building C object CMakeFiles/cmTC_8c35d.dir/CheckFunctionExists.c.o
/usr/bin/cc   -O3 -fomit-frame-pointer -DNDEBUG --no-enforce-eh-specs -pipe --exec-charset=UTF-8 --input-charset=UTF-8 --no-implement-inlines --unit-at-a-time --fast-math -fvisibility-inlines-hidden -fvisibility-inlines-hidden -DCHECK_FUNCTION_EXISTS=gethostbyname   -o CMakeFiles/cmTC_8c35d.dir/CheckFunctionExists.c.o   -c /usr/share/cmake-3.10/Modules/CheckFunctionExists.c
cc1: warning: command line option ‘-fno-enforce-eh-specs’ is valid for C++/ObjC++ but not for C
cc1: warning: command line option ‘-fno-implement-inlines’ is valid for C++/ObjC++ but not for C
cc1: warning: command line option ‘-fvisibility-inlines-hidden’ is valid for C++/ObjC++ but not for C
Linking C executable cmTC_8c35d
/usr/bin/cmake -E cmake_link_script CMakeFiles/cmTC_8c35d.dir/link.txt --verbose=1
/usr/bin/cc -O3 -fomit-frame-pointer -DNDEBUG --no-enforce-eh-specs -pipe --exec-charset=UTF-8 --input-charset=UTF-8 --no-implement-inlines --unit-at-a-time --fast-math -fvisibility-inlines-hidden -fvisibility-inlines-hidden -DCHECK_FUNCTION_EXISTS=gethostbyname    CMakeFiles/cmTC_8c35d.dir/CheckFunctionExists.c.o  -o cmTC_8c35d 
make[1]: Leaving directory '/home/gmagoon/Downloads/KVIrc/CMakeFiles/CMakeTmp'


Determining if the function connect exists passed with the following output:
Change Dir: /home/gmagoon/Downloads/KVIrc/CMakeFiles/CMakeTmp

Run Build Command:"/usr/bin/make" "cmTC_62e17/fast"
/usr/bin/make -f CMakeFiles/cmTC_62e17.dir/build.make CMakeFiles/cmTC_62e17.dir/build
make[1]: Entering directory '/home/gmagoon/Downloads/KVIrc/CMakeFiles/CMakeTmp'
Building C object CMakeFiles/cmTC_62e17.dir/CheckFunctionExists.c.o
/usr/bin/cc   -O3 -fomit-frame-pointer -DNDEBUG --no-enforce-eh-specs -pipe --exec-charset=UTF-8 --input-charset=UTF-8 --no-implement-inlines --unit-at-a-time --fast-math -fvisibility-inlines-hidden -fvisibility-inlines-hidden -DCHECK_FUNCTION_EXISTS=connect   -o CMakeFiles/cmTC_62e17.dir/CheckFunctionExists.c.o   -c /usr/share/cmake-3.10/Modules/CheckFunctionExists.c
cc1: warning: command line option ‘-fno-enforce-eh-specs’ is valid for C++/ObjC++ but not for C
cc1: warning: command line option ‘-fno-implement-inlines’ is valid for C++/ObjC++ but not for C
cc1: warning: command line option ‘-fvisibility-inlines-hidden’ is valid for C++/ObjC++ but not for C
Linking C executable cmTC_62e17
/usr/bin/cmake -E cmake_link_script CMakeFiles/cmTC_62e17.dir/link.txt --verbose=1
/usr/bin/cc -O3 -fomit-frame-pointer -DNDEBUG --no-enforce-eh-specs -pipe --exec-charset=UTF-8 --input-charset=UTF-8 --no-implement-inlines --unit-at-a-time --fast-math -fvisibility-inlines-hidden -fvisibility-inlines-hidden -DCHECK_FUNCTION_EXISTS=connect    CMakeFiles/cmTC_62e17.dir/CheckFunctionExists.c.o  -o cmTC_62e17 
make[1]: Leaving directory '/home/gmagoon/Downloads/KVIrc/CMakeFiles/CMakeTmp'


Determining if the function remove exists passed with the following output:
Change Dir: /home/gmagoon/Downloads/KVIrc/CMakeFiles/CMakeTmp

Run Build Command:"/usr/bin/make" "cmTC_d2ab3/fast"
/usr/bin/make -f CMakeFiles/cmTC_d2ab3.dir/build.make CMakeFiles/cmTC_d2ab3.dir/build
make[1]: Entering directory '/home/gmagoon/Downloads/KVIrc/CMakeFiles/CMakeTmp'
Building C object CMakeFiles/cmTC_d2ab3.dir/CheckFunctionExists.c.o
/usr/bin/cc   -O3 -fomit-frame-pointer -DNDEBUG --no-enforce-eh-specs -pipe --exec-charset=UTF-8 --input-charset=UTF-8 --no-implement-inlines --unit-at-a-time --fast-math -fvisibility-inlines-hidden -fvisibility-inlines-hidden -DCHECK_FUNCTION_EXISTS=remove   -o CMakeFiles/cmTC_d2ab3.dir/CheckFunctionExists.c.o   -c /usr/share/cmake-3.10/Modules/CheckFunctionExists.c
cc1: warning: command line option ‘-fno-enforce-eh-specs’ is valid for C++/ObjC++ but not for C
cc1: warning: command line option ‘-fno-implement-inlines’ is valid for C++/ObjC++ but not for C
cc1: warning: command line option ‘-fvisibility-inlines-hidden’ is valid for C++/ObjC++ but not for C
Linking C executable cmTC_d2ab3
/usr/bin/cmake -E cmake_link_script CMakeFiles/cmTC_d2ab3.dir/link.txt --verbose=1
/usr/bin/cc -O3 -fomit-frame-pointer -DNDEBUG --no-enforce-eh-specs -pipe --exec-charset=UTF-8 --input-charset=UTF-8 --no-implement-inlines --unit-at-a-time --fast-math -fvisibility-inlines-hidden -fvisibility-inlines-hidden -DCHECK_FUNCTION_EXISTS=remove    CMakeFiles/cmTC_d2ab3.dir/CheckFunctionExists.c.o  -o cmTC_d2ab3 
make[1]: Leaving directory '/home/gmagoon/Downloads/KVIrc/CMakeFiles/CMakeTmp'


Determining if the function shmat exists passed with the following output:
Change Dir: /home/gmagoon/Downloads/KVIrc/CMakeFiles/CMakeTmp

Run Build Command:"/usr/bin/make" "cmTC_da066/fast"
/usr/bin/make -f CMakeFiles/cmTC_da066.dir/build.make CMakeFiles/cmTC_da066.dir/build
make[1]: Entering directory '/home/gmagoon/Downloads/KVIrc/CMakeFiles/CMakeTmp'
Building C object CMakeFiles/cmTC_da066.dir/CheckFunctionExists.c.o
/usr/bin/cc   -O3 -fomit-frame-pointer -DNDEBUG --no-enforce-eh-specs -pipe --exec-charset=UTF-8 --input-charset=UTF-8 --no-implement-inlines --unit-at-a-time --fast-math -fvisibility-inlines-hidden -fvisibility-inlines-hidden -DCHECK_FUNCTION_EXISTS=shmat   -o CMakeFiles/cmTC_da066.dir/CheckFunctionExists.c.o   -c /usr/share/cmake-3.10/Modules/CheckFunctionExists.c
cc1: warning: command line option ‘-fno-enforce-eh-specs’ is valid for C++/ObjC++ but not for C
cc1: warning: command line option ‘-fno-implement-inlines’ is valid for C++/ObjC++ but not for C
cc1: warning: command line option ‘-fvisibility-inlines-hidden’ is valid for C++/ObjC++ but not for C
Linking C executable cmTC_da066
/usr/bin/cmake -E cmake_link_script CMakeFiles/cmTC_da066.dir/link.txt --verbose=1
/usr/bin/cc -O3 -fomit-frame-pointer -DNDEBUG --no-enforce-eh-specs -pipe --exec-charset=UTF-8 --input-charset=UTF-8 --no-implement-inlines --unit-at-a-time --fast-math -fvisibility-inlines-hidden -fvisibility-inlines-hidden -DCHECK_FUNCTION_EXISTS=shmat    CMakeFiles/cmTC_da066.dir/CheckFunctionExists.c.o  -o cmTC_da066 
make[1]: Leaving directory '/home/gmagoon/Downloads/KVIrc/CMakeFiles/CMakeTmp'


Determining if the function IceConnectionNumber exists in the ICE passed with the following output:
Change Dir: /home/gmagoon/Downloads/KVIrc/CMakeFiles/CMakeTmp

Run Build Command:"/usr/bin/make" "cmTC_bcced/fast"
/usr/bin/make -f CMakeFiles/cmTC_bcced.dir/build.make CMakeFiles/cmTC_bcced.dir/build
make[1]: Entering directory '/home/gmagoon/Downloads/KVIrc/CMakeFiles/CMakeTmp'
Building C object CMakeFiles/cmTC_bcced.dir/CheckFunctionExists.c.o
/usr/bin/cc   -O3 -fomit-frame-pointer -DNDEBUG --no-enforce-eh-specs -pipe --exec-charset=UTF-8 --input-charset=UTF-8 --no-implement-inlines --unit-at-a-time --fast-math -fvisibility-inlines-hidden -fvisibility-inlines-hidden -DCHECK_FUNCTION_EXISTS=IceConnectionNumber   -o CMakeFiles/cmTC_bcced.dir/CheckFunctionExists.c.o   -c /usr/share/cmake-3.10/Modules/CheckFunctionExists.c
cc1: warning: command line option ‘-fno-enforce-eh-specs’ is valid for C++/ObjC++ but not for C
cc1: warning: command line option ‘-fno-implement-inlines’ is valid for C++/ObjC++ but not for C
cc1: warning: command line option ‘-fvisibility-inlines-hidden’ is valid for C++/ObjC++ but not for C
Linking C executable cmTC_bcced
/usr/bin/cmake -E cmake_link_script CMakeFiles/cmTC_bcced.dir/link.txt --verbose=1
/usr/bin/cc -O3 -fomit-frame-pointer -DNDEBUG --no-enforce-eh-specs -pipe --exec-charset=UTF-8 --input-charset=UTF-8 --no-implement-inlines --unit-at-a-time --fast-math -fvisibility-inlines-hidden -fvisibility-inlines-hidden -DCHECK_FUNCTION_EXISTS=IceConnectionNumber    CMakeFiles/cmTC_bcced.dir/CheckFunctionExists.c.o  -o cmTC_bcced -lICE 
make[1]: Leaving directory '/home/gmagoon/Downloads/KVIrc/CMakeFiles/CMakeTmp'


Determining if the function inet_ntoa exists passed with the following output:
Change Dir: /home/gmagoon/Downloads/KVIrc/CMakeFiles/CMakeTmp

Run Build Command:"/usr/bin/make" "cmTC_1b5c8/fast"
/usr/bin/make -f CMakeFiles/cmTC_1b5c8.dir/build.make CMakeFiles/cmTC_1b5c8.dir/build
make[1]: Entering directory '/home/gmagoon/Downloads/KVIrc/CMakeFiles/CMakeTmp'
Building C object CMakeFiles/cmTC_1b5c8.dir/CheckFunctionExists.c.o
/usr/bin/cc   -O3 -fomit-frame-pointer -DNDEBUG --no-enforce-eh-specs -pipe --exec-charset=UTF-8 --input-charset=UTF-8 --no-implement-inlines --unit-at-a-time --fast-math -fvisibility-inlines-hidden -fvisibility-inlines-hidden -DCHECK_FUNCTION_EXISTS=inet_ntoa   -o CMakeFiles/cmTC_1b5c8.dir/CheckFunctionExists.c.o   -c /usr/share/cmake-3.10/Modules/CheckFunctionExists.c
cc1: warning: command line option ‘-fno-enforce-eh-specs’ is valid for C++/ObjC++ but not for C
cc1: warning: command line option ‘-fno-implement-inlines’ is valid for C++/ObjC++ but not for C
cc1: warning: command line option ‘-fvisibility-inlines-hidden’ is valid for C++/ObjC++ but not for C
Linking C executable cmTC_1b5c8
/usr/bin/cmake -E cmake_link_script CMakeFiles/cmTC_1b5c8.dir/link.txt --verbose=1
/usr/bin/cc -O3 -fomit-frame-pointer -DNDEBUG --no-enforce-eh-specs -pipe --exec-charset=UTF-8 --input-charset=UTF-8 --no-implement-inlines --unit-at-a-time --fast-math -fvisibility-inlines-hidden -fvisibility-inlines-hidden -DCHECK_FUNCTION_EXISTS=inet_ntoa    CMakeFiles/cmTC_1b5c8.dir/CheckFunctionExists.c.o  -o cmTC_1b5c8 
make[1]: Leaving directory '/home/gmagoon/Downloads/KVIrc/CMakeFiles/CMakeTmp'


Determining if the function inet_aton exists passed with the following output:
Change Dir: /home/gmagoon/Downloads/KVIrc/CMakeFiles/CMakeTmp

Run Build Command:"/usr/bin/make" "cmTC_da006/fast"
/usr/bin/make -f CMakeFiles/cmTC_da006.dir/build.make CMakeFiles/cmTC_da006.dir/build
make[1]: Entering directory '/home/gmagoon/Downloads/KVIrc/CMakeFiles/CMakeTmp'
Building C object CMakeFiles/cmTC_da006.dir/CheckFunctionExists.c.o
/usr/bin/cc   -O3 -fomit-frame-pointer -DNDEBUG --no-enforce-eh-specs -pipe --exec-charset=UTF-8 --input-charset=UTF-8 --no-implement-inlines --unit-at-a-time --fast-math -fvisibility-inlines-hidden -fvisibility-inlines-hidden -DCHECK_FUNCTION_EXISTS=inet_aton   -o CMakeFiles/cmTC_da006.dir/CheckFunctionExists.c.o   -c /usr/share/cmake-3.10/Modules/CheckFunctionExists.c
cc1: warning: command line option ‘-fno-enforce-eh-specs’ is valid for C++/ObjC++ but not for C
cc1: warning: command line option ‘-fno-implement-inlines’ is valid for C++/ObjC++ but not for C
cc1: warning: command line option ‘-fvisibility-inlines-hidden’ is valid for C++/ObjC++ but not for C
Linking C executable cmTC_da006
/usr/bin/cmake -E cmake_link_script CMakeFiles/cmTC_da006.dir/link.txt --verbose=1
/usr/bin/cc -O3 -fomit-frame-pointer -DNDEBUG --no-enforce-eh-specs -pipe --exec-charset=UTF-8 --input-charset=UTF-8 --no-implement-inlines --unit-at-a-time --fast-math -fvisibility-inlines-hidden -fvisibility-inlines-hidden -DCHECK_FUNCTION_EXISTS=inet_aton    CMakeFiles/cmTC_da006.dir/CheckFunctionExists.c.o  -o cmTC_da006 
make[1]: Leaving directory '/home/gmagoon/Downloads/KVIrc/CMakeFiles/CMakeTmp'


Determining if the function setenv exists passed with the following output:
Change Dir: /home/gmagoon/Downloads/KVIrc/CMakeFiles/CMakeTmp

Run Build Command:"/usr/bin/make" "cmTC_1bbd1/fast"
/usr/bin/make -f CMakeFiles/cmTC_1bbd1.dir/build.make CMakeFiles/cmTC_1bbd1.dir/build
make[1]: Entering directory '/home/gmagoon/Downloads/KVIrc/CMakeFiles/CMakeTmp'
Building C object CMakeFiles/cmTC_1bbd1.dir/CheckFunctionExists.c.o
/usr/bin/cc   -O3 -fomit-frame-pointer -DNDEBUG --no-enforce-eh-specs -pipe --exec-charset=UTF-8 --input-charset=UTF-8 --no-implement-inlines --unit-at-a-time --fast-math -fvisibility-inlines-hidden -fvisibility-inlines-hidden -DCHECK_FUNCTION_EXISTS=setenv   -o CMakeFiles/cmTC_1bbd1.dir/CheckFunctionExists.c.o   -c /usr/share/cmake-3.10/Modules/CheckFunctionExists.c
cc1: warning: command line option ‘-fno-enforce-eh-specs’ is valid for C++/ObjC++ but not for C
cc1: warning: command line option ‘-fno-implement-inlines’ is valid for C++/ObjC++ but not for C
cc1: warning: command line option ‘-fvisibility-inlines-hidden’ is valid for C++/ObjC++ but not for C
Linking C executable cmTC_1bbd1
/usr/bin/cmake -E cmake_link_script CMakeFiles/cmTC_1bbd1.dir/link.txt --verbose=1
/usr/bin/cc -O3 -fomit-frame-pointer -DNDEBUG --no-enforce-eh-specs -pipe --exec-charset=UTF-8 --input-charset=UTF-8 --no-implement-inlines --unit-at-a-time --fast-math -fvisibility-inlines-hidden -fvisibility-inlines-hidden -DCHECK_FUNCTION_EXISTS=setenv    CMakeFiles/cmTC_1bbd1.dir/CheckFunctionExists.c.o  -o cmTC_1bbd1 
make[1]: Leaving directory '/home/gmagoon/Downloads/KVIrc/CMakeFiles/CMakeTmp'


Determining if the function putenv exists passed with the following output:
Change Dir: /home/gmagoon/Downloads/KVIrc/CMakeFiles/CMakeTmp

Run Build Command:"/usr/bin/make" "cmTC_c174b/fast"
/usr/bin/make -f CMakeFiles/cmTC_c174b.dir/build.make CMakeFiles/cmTC_c174b.dir/build
make[1]: Entering directory '/home/gmagoon/Downloads/KVIrc/CMakeFiles/CMakeTmp'
Building C object CMakeFiles/cmTC_c174b.dir/CheckFunctionExists.c.o
/usr/bin/cc   -O3 -fomit-frame-pointer -DNDEBUG --no-enforce-eh-specs -pipe --exec-charset=UTF-8 --input-charset=UTF-8 --no-implement-inlines --unit-at-a-time --fast-math -fvisibility-inlines-hidden -fvisibility-inlines-hidden -DCHECK_FUNCTION_EXISTS=putenv   -o CMakeFiles/cmTC_c174b.dir/CheckFunctionExists.c.o   -c /usr/share/cmake-3.10/Modules/CheckFunctionExists.c
cc1: warning: command line option ‘-fno-enforce-eh-specs’ is valid for C++/ObjC++ but not for C
cc1: warning: command line option ‘-fno-implement-inlines’ is valid for C++/ObjC++ but not for C
cc1: warning: command line option ‘-fvisibility-inlines-hidden’ is valid for C++/ObjC++ but not for C
Linking C executable cmTC_c174b
/usr/bin/cmake -E cmake_link_script CMakeFiles/cmTC_c174b.dir/link.txt --verbose=1
/usr/bin/cc -O3 -fomit-frame-pointer -DNDEBUG --no-enforce-eh-specs -pipe --exec-charset=UTF-8 --input-charset=UTF-8 --no-implement-inlines --unit-at-a-time --fast-math -fvisibility-inlines-hidden -fvisibility-inlines-hidden -DCHECK_FUNCTION_EXISTS=putenv    CMakeFiles/cmTC_c174b.dir/CheckFunctionExists.c.o  -o cmTC_c174b 
make[1]: Leaving directory '/home/gmagoon/Downloads/KVIrc/CMakeFiles/CMakeTmp'


Determining if the include file linux/soundcard.h exists passed with the following output:
Change Dir: /home/gmagoon/Downloads/KVIrc/CMakeFiles/CMakeTmp

Run Build Command:"/usr/bin/make" "cmTC_e96e8/fast"
/usr/bin/make -f CMakeFiles/cmTC_e96e8.dir/build.make CMakeFiles/cmTC_e96e8.dir/build
make[1]: Entering directory '/home/gmagoon/Downloads/KVIrc/CMakeFiles/CMakeTmp'
Building C object CMakeFiles/cmTC_e96e8.dir/CheckIncludeFile.c.o
/usr/bin/cc   -O3 -fomit-frame-pointer -DNDEBUG --no-enforce-eh-specs -pipe --exec-charset=UTF-8 --input-charset=UTF-8 --no-implement-inlines --unit-at-a-time --fast-math -fvisibility-inlines-hidden -fvisibility-inlines-hidden    -o CMakeFiles/cmTC_e96e8.dir/CheckIncludeFile.c.o   -c /home/gmagoon/Downloads/KVIrc/CMakeFiles/CMakeTmp/CheckIncludeFile.c
cc1: warning: command line option ‘-fno-enforce-eh-specs’ is valid for C++/ObjC++ but not for C
cc1: warning: command line option ‘-fno-implement-inlines’ is valid for C++/ObjC++ but not for C
cc1: warning: command line option ‘-fvisibility-inlines-hidden’ is valid for C++/ObjC++ but not for C
Linking C executable cmTC_e96e8
/usr/bin/cmake -E cmake_link_script CMakeFiles/cmTC_e96e8.dir/link.txt --verbose=1
/usr/bin/cc -O3 -fomit-frame-pointer -DNDEBUG --no-enforce-eh-specs -pipe --exec-charset=UTF-8 --input-charset=UTF-8 --no-implement-inlines --unit-at-a-time --fast-math -fvisibility-inlines-hidden -fvisibility-inlines-hidden     CMakeFiles/cmTC_e96e8.dir/CheckIncludeFile.c.o  -o cmTC_e96e8 
make[1]: Leaving directory '/home/gmagoon/Downloads/KVIrc/CMakeFiles/CMakeTmp'


Determining if the include file sys/soundcard.h exists passed with the following output:
Change Dir: /home/gmagoon/Downloads/KVIrc/CMakeFiles/CMakeTmp

Run Build Command:"/usr/bin/make" "cmTC_62034/fast"
/usr/bin/make -f CMakeFiles/cmTC_62034.dir/build.make CMakeFiles/cmTC_62034.dir/build
make[1]: Entering directory '/home/gmagoon/Downloads/KVIrc/CMakeFiles/CMakeTmp'
Building C object CMakeFiles/cmTC_62034.dir/CheckIncludeFile.c.o
/usr/bin/cc   -O3 -fomit-frame-pointer -DNDEBUG --no-enforce-eh-specs -pipe --exec-charset=UTF-8 --input-charset=UTF-8 --no-implement-inlines --unit-at-a-time --fast-math -fvisibility-inlines-hidden -fvisibility-inlines-hidden    -o CMakeFiles/cmTC_62034.dir/CheckIncludeFile.c.o   -c /home/gmagoon/Downloads/KVIrc/CMakeFiles/CMakeTmp/CheckIncludeFile.c
cc1: warning: command line option ‘-fno-enforce-eh-specs’ is valid for C++/ObjC++ but not for C
cc1: warning: command line option ‘-fno-implement-inlines’ is valid for C++/ObjC++ but not for C
cc1: warning: command line option ‘-fvisibility-inlines-hidden’ is valid for C++/ObjC++ but not for C
Linking C executable cmTC_62034
/usr/bin/cmake -E cmake_link_script CMakeFiles/cmTC_62034.dir/link.txt --verbose=1
/usr/bin/cc -O3 -fomit-frame-pointer -DNDEBUG --no-enforce-eh-specs -pipe --exec-charset=UTF-8 --input-charset=UTF-8 --no-implement-inlines --unit-at-a-time --fast-math -fvisibility-inlines-hidden -fvisibility-inlines-hidden     CMakeFiles/cmTC_62034.dir/CheckIncludeFile.c.o  -o cmTC_62034 
make[1]: Leaving directory '/home/gmagoon/Downloads/KVIrc/CMakeFiles/CMakeTmp'


